#
# A fatal error has been detected by the Java Runtime Environment:
#
#  EXCEPTION_ACCESS_VIOLATION (0xc0000005) at pc=0x00007ffd2ee3e0a9, pid=10924, tid=4904
#
# JRE version: OpenJDK Runtime Environment Microsoft-8035246 (17.0.8+7) (build 17.0.8+7-LTS)
# Java VM: OpenJDK 64-Bit Server VM Microsoft-8035246 (17.0.8+7-LTS, mixed mode, sharing, tiered, compressed oops, compressed class ptrs, g1 gc, windows-amd64)
# Problematic frame:
# V  [jvm.dll+0x2be0a9]
#
# No core dump will be written. Minidumps are not enabled by default on client versions of Windows
#
# If you would like to submit a bug report, please visit:
#   https://github.com/microsoft/openjdk/issues
#

---------------  S U M M A R Y ------------

Command Line: -XX:MaxMetaspaceSize=512m --add-opens=java.base/java.util=ALL-UNNAMED --add-opens=java.base/java.lang=ALL-UNNAMED --add-opens=java.base/java.lang.invoke=ALL-UNNAMED --add-opens=java.prefs/java.util.prefs=ALL-UNNAMED --add-opens=java.base/java.nio.charset=ALL-UNNAMED --add-opens=java.base/java.net=ALL-UNNAMED --add-opens=java.base/java.util.concurrent.atomic=ALL-UNNAMED -Xmx2048m -Dfile.encoding=windows-1252 -Duser.country=US -Duser.language=en -Duser.variant -javaagent:C:\Users\cw\.gradle\wrapper\dists\gradle-8.3-all\6en3ugtfdg5xnpx44z4qbwgas\gradle-8.3\lib\agents\gradle-instrumentation-agent-8.3.jar org.gradle.launcher.daemon.bootstrap.GradleDaemon 8.3

Host: Intel(R) Core(TM) i5-6500 CPU @ 3.20GHz, 4 cores, 15G,  Windows 10 , 64 bit Build 19041 (10.0.19041.3636)
Time: Thu Dec 21 14:03:31 2023 Pakistan Standard Time elapsed time: 34.130045 seconds (0d 0h 0m 34s)

---------------  T H R E A D  ---------------

Current thread (0x000001a85a1a72e0):  JavaThread "C2 CompilerThread1" daemon [_thread_in_native, id=4904, stack(0x00000073e9a00000,0x00000073e9b00000)]


Current CompileTask:
C2:  34130 14574   !   4       org.gradle.cache.internal.DefaultMultiProcessSafeIndexedCache::getIfPresent (25 bytes)

Stack: [0x00000073e9a00000,0x00000073e9b00000],  sp=0x00000073e9afb4d0,  free space=1005k
Native frames: (J=compiled Java code, j=interpreted, Vv=VM code, C=native code)
V  [jvm.dll+0x2be0a9]
V  [jvm.dll+0x21ba8b]
V  [jvm.dll+0x21944b]
V  [jvm.dll+0x1a56b6]
V  [jvm.dll+0x2291ea]
V  [jvm.dll+0x22724c]
V  [jvm.dll+0x7efd0c]
V  [jvm.dll+0x7ea13a]
V  [jvm.dll+0x67ad85]
C  [ucrtbase.dll+0x21bb2]
C  [KERNEL32.DLL+0x17344]
C  [ntdll.dll+0x526b1]


siginfo: EXCEPTION_ACCESS_VIOLATION (0xc0000005), reading address 0x0000000000000028


Register to memory mapping:

RIP=0x00007ffd2ee3e0a9 jvm.dll
RAX=0x000001a859d90f00 points into unknown readable memory: 0x0000000000000000 | 00 00 00 00 00 00 00 00
RBX=0x0000000000001713 is an unknown value
RCX=0x0 is NULL
RDX=0x0 is NULL
RSP=0x00000073e9afb4d0 is pointing into the stack for thread: 0x000001a85a1a72e0
RBP=0x00000073e9afb540 is pointing into the stack for thread: 0x000001a85a1a72e0
RSI=0x0 is NULL
RDI=0x0000000000000047 is an unknown value
R8 =0x000000000000ffe0 is an unknown value
R9 =0x0 is NULL
R10=0x00007ffd77d50000 VCRUNTIME140.dll
R11=0x000001a859d90f20 points into unknown readable memory: 0x0000000000000000 | 00 00 00 00 00 00 00 00
R12=0x0000000000000050 is an unknown value
R13=0x0 is NULL
R14=0x0 is NULL
R15=0x00000073e9afe6f0 is pointing into the stack for thread: 0x000001a85a1a72e0


Registers:
RAX=0x000001a859d90f00, RBX=0x0000000000001713, RCX=0x0000000000000000, RDX=0x0000000000000000
RSP=0x00000073e9afb4d0, RBP=0x00000073e9afb540, RSI=0x0000000000000000, RDI=0x0000000000000047
R8 =0x000000000000ffe0, R9 =0x0000000000000000, R10=0x00007ffd77d50000, R11=0x000001a859d90f20
R12=0x0000000000000050, R13=0x0000000000000000, R14=0x0000000000000000, R15=0x00000073e9afe6f0
RIP=0x00007ffd2ee3e0a9, EFLAGS=0x0000000000010202

Top of Stack: (sp=0x00000073e9afb4d0)
0x00000073e9afb4d0:   0000000000001713 0000000000000000
0x00000073e9afb4e0:   00000073e9afe6f0 00007ffd2eda38d1
0x00000073e9afb4f0:   000001a85d4d6920 00007ffd00002000
0x00000073e9afb500:   000001a859d90f00 000001a800000000
0x00000073e9afb510:   0000000000000002 000001a85d5d8320
0x00000073e9afb520:   0000000000000002 000001a85d4d6920
0x00000073e9afb530:   0000000000000000 0000000000000000
0x00000073e9afb540:   000001a859f49100 000001a81ab637d0
0x00000073e9afb550:   0000000000000047 00007ffd2f4c4c08
0x00000073e9afb560:   00000073e9afb670 00007ffd2ed9ba8b
0x00000073e9afb570:   00000073e9afe6f0 00007ffd2f4c4c08
0x00000073e9afb580:   00000073e9afe6f0 00000073e9afb670
0x00000073e9afb590:   000001a800000000 00007ffd2f19b7fb
0x00000073e9afb5a0:   000000730000000f 00000073e9afe6f0
0x00000073e9afb5b0:   00000073e9afb720 0000000000000000
0x00000073e9afb5c0:   000001a800000100 00007ffd2f4c4c08 

Instructions: (pc=0x00007ffd2ee3e0a9)
0x00007ffd2ee3dfa9:   3b d0 75 0b ff c1 41 3b c9 7c dc 48 8b c2 c3 33
0x00007ffd2ee3dfb9:   c0 c3 cc cc cc cc cc 48 89 5c 24 18 55 56 57 41
0x00007ffd2ee3dfc9:   55 41 57 48 8b ec 48 83 ec 70 65 48 8b 04 25 58
0x00007ffd2ee3dfd9:   00 00 00 48 8b f2 44 8b 05 d2 8b 90 00 4c 8b f9
0x00007ffd2ee3dfe9:   4a 8b 1c c0 b8 50 00 00 00 80 3c 18 00 75 05 e8
0x00007ffd2ee3dff9:   8b 6f 5d 00 b8 20 00 00 00 48 8b 04 18 48 8b 98
0x00007ffd2ee3e009:   38 02 00 00 48 89 5d b0 c7 45 b8 04 00 00 00 48
0x00007ffd2ee3e019:   8b 43 18 48 83 f8 df 76 18 4c 8d 05 37 a9 65 00
0x00007ffd2ee3e029:   ba 20 00 00 00 48 8b cb e8 5a eb de ff 48 8b 43
0x00007ffd2ee3e039:   18 48 8d 48 20 48 3b 4b 20 76 11 45 33 c0 48 8b
0x00007ffd2ee3e049:   cb 41 8d 50 20 e8 fd e8 de ff eb 04 48 89 4b 18
0x00007ffd2ee3e059:   44 8b 45 b8 33 d2 49 c1 e0 03 48 8b c8 48 89 45
0x00007ffd2ee3e069:   c0 e8 e3 80 5d 00 45 33 ed 48 8d 4d d0 44 89 6d
0x00007ffd2ee3e079:   c8 e8 01 59 56 00 41 8b 9f 40 02 00 00 41 2b 9f
0x00007ffd2ee3e089:   68 02 00 00 44 89 6d f0 3b 5d b8 72 0b 8b d3 48
0x00007ffd2ee3e099:   8d 4d b0 e8 6f b3 39 00 48 8b 45 c0 4c 89 2c d8
0x00007ffd2ee3e0a9:   8b 7e 28 8b df c1 eb 05 3b 5d d0 72 0b 8b d3 48
0x00007ffd2ee3e0b9:   8d 4d d0 e8 1f 59 56 00 48 8b 45 d8 83 e7 1f 48
0x00007ffd2ee3e0c9:   8d 14 98 40 0f b6 cf 41 b8 01 00 00 00 41 d3 e0
0x00007ffd2ee3e0d9:   8b 0a 8b c1 41 0b c0 89 02 41 85 c8 75 21 8b 5d
0x00007ffd2ee3e0e9:   c8 8d 43 01 89 45 c8 3b 5d b8 72 0b 8b d3 48 8d
0x00007ffd2ee3e0f9:   4d b0 e8 10 b3 39 00 48 8b 45 c0 48 89 34 d8 44
0x00007ffd2ee3e109:   39 6d c8 0f 86 77 01 00 00 4c 89 a4 24 a0 00 00
0x00007ffd2ee3e119:   00 4c 89 b4 24 a8 00 00 00 48 8b 45 c0 41 8b cd
0x00007ffd2ee3e129:   48 8b 34 c8 8b 46 2c 25 ff 1f 00 00 3d 04 10 00
0x00007ffd2ee3e139:   00 0f 85 a7 00 00 00 bb 01 00 00 00 39 5e 18 76
0x00007ffd2ee3e149:   39 66 0f 1f 44 00 00 48 8b 46 08 8b cb 48 8b 14
0x00007ffd2ee3e159:   c8 48 85 d2 74 1d 48 83 7a 10 00 74 16 80 7a 2c
0x00007ffd2ee3e169:   84 74 10 e8 7f 7e ee ff 48 8b d0 49 8b cf e8 a4
0x00007ffd2ee3e179:   61 f6 ff ff c3 3b 5e 18 72 cd 48 8b 5e 10 8b 46
0x00007ffd2ee3e189:   20 4c 8d 34 c3 49 3b de 73 54 48 8b 3b 8b 47 2c
0x00007ffd2ee3e199:   83 e0 03 3c 03 75 2e 48 8b 07 48 8b cf ff 90 88 


Stack slot to memory mapping:
stack at sp + 0 slots: 0x0000000000001713 is an unknown value
stack at sp + 1 slots: 0x0 is NULL
stack at sp + 2 slots: 0x00000073e9afe6f0 is pointing into the stack for thread: 0x000001a85a1a72e0
stack at sp + 3 slots: 0x00007ffd2eda38d1 jvm.dll
stack at sp + 4 slots: 0x000001a85d4d6920 points into unknown readable memory: 0x0000000000000006 | 06 00 00 00 00 00 00 00
stack at sp + 5 slots: 0x00007ffd00002000 is an unknown value
stack at sp + 6 slots: 0x000001a859d90f00 points into unknown readable memory: 0x0000000000000000 | 00 00 00 00 00 00 00 00
stack at sp + 7 slots: 0x000001a800000000 is an unknown value


---------------  P R O C E S S  ---------------

Threads class SMR info:
_java_thread_list=0x000001a85e26c040, length=92, elements={
0x000001a81ab4c6f0, 0x000001a8387534e0, 0x000001a838754070, 0x000001a838768420,
0x000001a838768fb0, 0x000001a83876b030, 0x000001a83876b900, 0x000001a83876d4f0,
0x000001a8387722f0, 0x000001a838775000, 0x000001a838976570, 0x000001a838976060,
0x000001a838976a80, 0x000001a838975130, 0x000001a838976f90, 0x000001a8389737e0,
0x000001a838973cf0, 0x000001a838974710, 0x000001a838974200, 0x000001a838974c20,
0x000001a838975640, 0x000001a85a1c6cc0, 0x000001a85a1c71d0, 0x000001a85a1c8610,
0x000001a85a1c76e0, 0x000001a85a1c7bf0, 0x000001a85a1c9f60, 0x000001a85a1c9540,
0x000001a85a1ca980, 0x000001a85a1c8b20, 0x000001a85a1cb3a0, 0x000001a85a1c9030,
0x000001a85a1ca470, 0x000001a85a1cc2d0, 0x000001a85a1cc7e0, 0x000001a85a1cd710,
0x000001a85a1c62a0, 0x000001a8589947c0, 0x000001a858998990, 0x000001a858994cd0,
0x000001a858995c00, 0x000001a85899b210, 0x000001a858993da0, 0x000001a8589998c0,
0x000001a8589951e0, 0x000001a85899ad00, 0x000001a8589993b0, 0x000001a858997040,
0x000001a858997550, 0x000001a858997a60, 0x000001a8589942b0, 0x000001a858997f70,
0x000001a858998480, 0x000001a858998ea0, 0x000001a838975b50, 0x000001a85cc48e00,
0x000001a85cc49820, 0x000001a85cc46580, 0x000001a85cc47ed0, 0x000001a85cc49310,
0x000001a85cc46a90, 0x000001a85cc46070, 0x000001a85cc46fa0, 0x000001a85a1a72e0,
0x000001a85d1840a0, 0x000001a85d185f00, 0x000001a85d186920, 0x000001a85d186410,
0x000001a85d183b90, 0x000001a85d1859f0, 0x000001a85d180e00, 0x000001a85d17fed0,
0x000001a85d1854e0, 0x000001a85d1808f0, 0x000001a85d181310, 0x000001a85d183170,
0x000001a858996b30, 0x000001a85a510990, 0x000001a85a510ea0, 0x000001a85a5113b0,
0x000001a85a512d00, 0x000001a85a5118c0, 0x000001a85a513720, 0x000001a85a511dd0,
0x000001a85a513c30, 0x000001a85a50fa60, 0x000001a85a513210, 0x000001a85a5122e0,
0x000001a85a514140, 0x000001a85a5127f0, 0x000001a85a50e620, 0x000001a85a514650
}

Java Threads: ( => current thread )
  0x000001a81ab4c6f0 JavaThread "main" [_thread_blocked, id=11844, stack(0x00000073e6f00000,0x00000073e7000000)]
  0x000001a8387534e0 JavaThread "Reference Handler" daemon [_thread_blocked, id=10772, stack(0x00000073e7600000,0x00000073e7700000)]
  0x000001a838754070 JavaThread "Finalizer" daemon [_thread_blocked, id=860, stack(0x00000073e7700000,0x00000073e7800000)]
  0x000001a838768420 JavaThread "Signal Dispatcher" daemon [_thread_blocked, id=4572, stack(0x00000073e7800000,0x00000073e7900000)]
  0x000001a838768fb0 JavaThread "Attach Listener" daemon [_thread_blocked, id=7852, stack(0x00000073e7900000,0x00000073e7a00000)]
  0x000001a83876b030 JavaThread "Service Thread" daemon [_thread_blocked, id=7312, stack(0x00000073e7a00000,0x00000073e7b00000)]
  0x000001a83876b900 JavaThread "Monitor Deflation Thread" daemon [_thread_blocked, id=1076, stack(0x00000073e7b00000,0x00000073e7c00000)]
  0x000001a83876d4f0 JavaThread "C2 CompilerThread0" daemon [_thread_in_native, id=9772, stack(0x00000073e7c00000,0x00000073e7d00000)]
  0x000001a8387722f0 JavaThread "C1 CompilerThread0" daemon [_thread_blocked, id=8988, stack(0x00000073e7d00000,0x00000073e7e00000)]
  0x000001a838775000 JavaThread "Sweeper thread" daemon [_thread_blocked, id=7480, stack(0x00000073e7e00000,0x00000073e7f00000)]
  0x000001a838976570 JavaThread "Common-Cleaner" daemon [_thread_blocked, id=11836, stack(0x00000073e7f00000,0x00000073e8000000)]
  0x000001a838976060 JavaThread "Notification Thread" daemon [_thread_blocked, id=9112, stack(0x00000073e8000000,0x00000073e8100000)]
  0x000001a838976a80 JavaThread "Daemon health stats" [_thread_blocked, id=6604, stack(0x00000073e8600000,0x00000073e8700000)]
  0x000001a838975130 JavaThread "Incoming local TCP Connector on port 64890" [_thread_in_native, id=9408, stack(0x00000073e8700000,0x00000073e8800000)]
  0x000001a838976f90 JavaThread "Daemon periodic checks" [_thread_blocked, id=5444, stack(0x00000073e8800000,0x00000073e8900000)]
  0x000001a8389737e0 JavaThread "Daemon" [_thread_blocked, id=9472, stack(0x00000073e8900000,0x00000073e8a00000)]
  0x000001a838973cf0 JavaThread "Handler for socket connection from /127.0.0.1:64890 to /127.0.0.1:64891" [_thread_in_native, id=10968, stack(0x00000073e8a00000,0x00000073e8b00000)]
  0x000001a838974710 JavaThread "Cancel handler" [_thread_blocked, id=7488, stack(0x00000073e8b00000,0x00000073e8c00000)]
  0x000001a838974200 JavaThread "Daemon worker" [_thread_blocked, id=12228, stack(0x00000073e8c00000,0x00000073e8d00000)]
  0x000001a838974c20 JavaThread "Asynchronous log dispatcher for DefaultDaemonConnection: socket connection from /127.0.0.1:64890 to /127.0.0.1:64891" [_thread_blocked, id=6984, stack(0x00000073e8d00000,0x00000073e8e00000)]
  0x000001a838975640 JavaThread "Stdin handler" [_thread_blocked, id=9996, stack(0x00000073e8e00000,0x00000073e8f00000)]
  0x000001a85a1c6cc0 JavaThread "Daemon client event forwarder" [_thread_in_Java, id=4300, stack(0x00000073e8f00000,0x00000073e9000000)]
  0x000001a85a1c71d0 JavaThread "Cache worker for journal cache (C:\Users\cw\.gradle\caches\journal-1)" [_thread_blocked, id=3060, stack(0x00000073e9000000,0x00000073e9100000)]
  0x000001a85a1c8610 JavaThread "File lock request listener" [_thread_in_native, id=11100, stack(0x00000073e9100000,0x00000073e9200000)]
  0x000001a85a1c76e0 JavaThread "Cache worker for file hash cache (C:\Users\cw\.gradle\caches\8.3\fileHashes)" [_thread_blocked, id=7332, stack(0x00000073e9200000,0x00000073e9300000)]
  0x000001a85a1c7bf0 JavaThread "File watcher server" daemon [_thread_in_native, id=6708, stack(0x00000073e8200000,0x00000073e8300000)]
  0x000001a85a1c9f60 JavaThread "File watcher consumer" daemon [_thread_blocked, id=7800, stack(0x00000073e9300000,0x00000073e9400000)]
  0x000001a85a1c9540 JavaThread "Cache worker for checksums cache (K:\React Native Projects\notification\android\.gradle\8.3\checksums)" [_thread_blocked, id=3176, stack(0x00000073e9400000,0x00000073e9500000)]
  0x000001a85a1ca980 JavaThread "Cache worker for file hash cache (K:\React Native Projects\notification\android\.gradle\8.3\fileHashes)" [_thread_blocked, id=8468, stack(0x00000073e9500000,0x00000073e9600000)]
  0x000001a85a1c8b20 JavaThread "Cache worker for cache directory md-supplier (C:\Users\cw\.gradle\caches\8.3\md-supplier)" [_thread_blocked, id=3096, stack(0x00000073e9600000,0x00000073e9700000)]
  0x000001a85a1cb3a0 JavaThread "Cache worker for file content cache (C:\Users\cw\.gradle\caches\8.3\fileContent)" [_thread_blocked, id=9304, stack(0x00000073e9700000,0x00000073e9800000)]
  0x000001a85a1c9030 JavaThread "Cache worker for cache directory md-rule (C:\Users\cw\.gradle\caches\8.3\md-rule)" [_thread_blocked, id=7956, stack(0x00000073e9800000,0x00000073e9900000)]
  0x000001a85a1ca470 JavaThread "Cache worker for execution history cache (C:\Users\cw\.gradle\caches\8.3\executionHistory)" [_thread_blocked, id=11692, stack(0x00000073e9900000,0x00000073e9a00000)]
  0x000001a85a1cc2d0 JavaThread "jar transforms" [_thread_blocked, id=6608, stack(0x00000073e9b00000,0x00000073e9c00000)]
  0x000001a85a1cc7e0 JavaThread "jar transforms Thread 2" [_thread_blocked, id=9368, stack(0x00000073e9c00000,0x00000073e9d00000)]
  0x000001a85a1cd710 JavaThread "jar transforms Thread 3" [_thread_blocked, id=7744, stack(0x00000073e9d00000,0x00000073e9e00000)]
  0x000001a85a1c62a0 JavaThread "jar transforms Thread 4" [_thread_blocked, id=8672, stack(0x00000073e9e00000,0x00000073e9f00000)]
  0x000001a8589947c0 JavaThread "Cache worker for kotlin-dsl (C:\Users\cw\.gradle\caches\8.3\kotlin-dsl)" [_thread_blocked, id=3124, stack(0x00000073e9f00000,0x00000073ea000000)]
  0x000001a858998990 JavaThread "Unconstrained build operations" [_thread_in_native, id=2064, stack(0x00000073ea000000,0x00000073ea100000)]
  0x000001a858994cd0 JavaThread "Unconstrained build operations Thread 2" [_thread_blocked, id=8536, stack(0x00000073ea100000,0x00000073ea200000)]
  0x000001a858995c00 JavaThread "Cache worker for dependencies-accessors (K:\React Native Projects\notification\android\.gradle\8.3\dependencies-accessors)" [_thread_blocked, id=2388, stack(0x00000073ea200000,0x00000073ea300000)]
  0x000001a85899b210 JavaThread "Cache worker for Build Output Cleanup Cache (K:\React Native Projects\notification\node_modules\@react-native\gradle-plugin\.gradle\buildOutputCleanup)" [_thread_blocked, id=6336, stack(0x00000073ea300000,0x00000073ea400000)]
  0x000001a858993da0 JavaThread "Unconstrained build operations Thread 3" [_thread_blocked, id=8304, stack(0x00000073ea400000,0x00000073ea500000)]
  0x000001a8589998c0 JavaThread "Unconstrained build operations Thread 4" [_thread_blocked, id=4080, stack(0x00000073ea500000,0x00000073ea600000)]
  0x000001a8589951e0 JavaThread "Unconstrained build operations Thread 5" [_thread_in_native, id=3184, stack(0x00000073ea600000,0x00000073ea700000)]
  0x000001a85899ad00 JavaThread "Memory manager" [_thread_blocked, id=6544, stack(0x00000073ea700000,0x00000073ea800000)]
  0x000001a8589993b0 JavaThread "Cache worker for Build Output Cleanup Cache (K:\React Native Projects\notification\android\.gradle\buildOutputCleanup)" [_thread_blocked, id=7380, stack(0x00000073ea800000,0x00000073ea900000)]
  0x000001a858997040 JavaThread "ForkJoinPool.commonPool-worker-1" daemon [_thread_blocked, id=6652, stack(0x00000073ea900000,0x00000073eaa00000)]
  0x000001a858997550 JavaThread "ForkJoinPool.commonPool-worker-2" daemon [_thread_blocked, id=10708, stack(0x00000073eaa00000,0x00000073eab00000)]
  0x000001a858997a60 JavaThread "ForkJoinPool.commonPool-worker-3" daemon [_thread_blocked, id=1764, stack(0x00000073eab00000,0x00000073eac00000)]
  0x000001a8589942b0 JavaThread "included builds" [_thread_blocked, id=4784, stack(0x00000073eac00000,0x00000073ead00000)]
  0x000001a858997f70 JavaThread "Execution worker" [_thread_blocked, id=10652, stack(0x00000073ead00000,0x00000073eae00000)]
  0x000001a858998480 JavaThread "Execution worker Thread 2" [_thread_blocked, id=5512, stack(0x00000073eae00000,0x00000073eaf00000)]
  0x000001a858998ea0 JavaThread "Execution worker Thread 3" [_thread_blocked, id=1792, stack(0x00000073eaf00000,0x00000073eb000000)]
  0x000001a838975b50 JavaThread "Cache worker for execution history cache (K:\React Native Projects\notification\node_modules\@react-native\gradle-plugin\.gradle\8.3\executionHistory)" [_thread_blocked, id=6512, stack(0x00000073eb000000,0x00000073eb100000)]
  0x000001a85cc48e00 JavaThread "Unconstrained build operations Thread 6" [_thread_blocked, id=10700, stack(0x00000073eb100000,0x00000073eb200000)]
  0x000001a85cc49820 JavaThread "Unconstrained build operations Thread 7" [_thread_blocked, id=5876, stack(0x00000073eb200000,0x00000073eb300000)]
  0x000001a85cc46580 JavaThread "Unconstrained build operations Thread 8" [_thread_blocked, id=4892, stack(0x00000073eb300000,0x00000073eb400000)]
  0x000001a85cc47ed0 JavaThread "Unconstrained build operations Thread 9" [_thread_blocked, id=8904, stack(0x00000073eb400000,0x00000073eb500000)]
  0x000001a85cc49310 JavaThread "Unconstrained build operations Thread 10" [_thread_blocked, id=10516, stack(0x00000073eb500000,0x00000073eb600000)]
  0x000001a85cc46a90 JavaThread "Unconstrained build operations Thread 11" [_thread_blocked, id=5264, stack(0x00000073eb600000,0x00000073eb700000)]
  0x000001a85cc46070 JavaThread "Unconstrained build operations Thread 12" [_thread_blocked, id=10556, stack(0x00000073eb700000,0x00000073eb800000)]
  0x000001a85cc46fa0 JavaThread "Unconstrained build operations Thread 13" [_thread_blocked, id=2088, stack(0x00000073eb800000,0x00000073eb900000)]
=>0x000001a85a1a72e0 JavaThread "C2 CompilerThread1" daemon [_thread_in_native, id=4904, stack(0x00000073e9a00000,0x00000073e9b00000)]
  0x000001a85d1840a0 JavaThread "Unconstrained build operations Thread 14" [_thread_blocked, id=8016, stack(0x00000073eb900000,0x00000073eba00000)]
  0x000001a85d185f00 JavaThread "Unconstrained build operations Thread 15" [_thread_blocked, id=8492, stack(0x00000073eba00000,0x00000073ebb00000)]
  0x000001a85d186920 JavaThread "Unconstrained build operations Thread 16" [_thread_blocked, id=11108, stack(0x00000073ebb00000,0x00000073ebc00000)]
  0x000001a85d186410 JavaThread "Unconstrained build operations Thread 17" [_thread_blocked, id=7664, stack(0x00000073ebc00000,0x00000073ebd00000)]
  0x000001a85d183b90 JavaThread "Unconstrained build operations Thread 18" [_thread_blocked, id=8648, stack(0x00000073ebd00000,0x00000073ebe00000)]
  0x000001a85d1859f0 JavaThread "Unconstrained build operations Thread 19" [_thread_blocked, id=4808, stack(0x00000073ebe00000,0x00000073ebf00000)]
  0x000001a85d180e00 JavaThread "Unconstrained build operations Thread 20" [_thread_blocked, id=7604, stack(0x00000073ebf00000,0x00000073ec000000)]
  0x000001a85d17fed0 JavaThread "Unconstrained build operations Thread 21" [_thread_blocked, id=8872, stack(0x00000073ec000000,0x00000073ec100000)]
  0x000001a85d1854e0 JavaThread "Unconstrained build operations Thread 22" [_thread_blocked, id=4056, stack(0x00000073ec100000,0x00000073ec200000)]
  0x000001a85d1808f0 JavaThread "Unconstrained build operations Thread 23" [_thread_blocked, id=12068, stack(0x00000073ec400000,0x00000073ec500000)]
  0x000001a85d181310 JavaThread "Unconstrained build operations Thread 24" [_thread_blocked, id=1060, stack(0x00000073ec500000,0x00000073ec600000)]
  0x000001a85d183170 JavaThread "Unconstrained build operations Thread 25" [_thread_blocked, id=8376, stack(0x00000073ec600000,0x00000073ec700000)]
  0x000001a858996b30 JavaThread "Unconstrained build operations Thread 26" [_thread_blocked, id=6520, stack(0x00000073ec700000,0x00000073ec800000)]
  0x000001a85a510990 JavaThread "Unconstrained build operations Thread 27" [_thread_blocked, id=6680, stack(0x00000073ec800000,0x00000073ec900000)]
  0x000001a85a510ea0 JavaThread "Unconstrained build operations Thread 28" [_thread_blocked, id=7356, stack(0x00000073ec900000,0x00000073eca00000)]
  0x000001a85a5113b0 JavaThread "Unconstrained build operations Thread 29" [_thread_blocked, id=760, stack(0x00000073eca00000,0x00000073ecb00000)]
  0x000001a85a512d00 JavaThread "Unconstrained build operations Thread 30" [_thread_blocked, id=3808, stack(0x00000073ecb00000,0x00000073ecc00000)]
  0x000001a85a5118c0 JavaThread "Unconstrained build operations Thread 31" [_thread_blocked, id=5900, stack(0x00000073ecc00000,0x00000073ecd00000)]
  0x000001a85a513720 JavaThread "Unconstrained build operations Thread 32" [_thread_blocked, id=812, stack(0x00000073ecd00000,0x00000073ece00000)]
  0x000001a85a511dd0 JavaThread "Unconstrained build operations Thread 33" [_thread_blocked, id=12156, stack(0x00000073ece00000,0x00000073ecf00000)]
  0x000001a85a513c30 JavaThread "Unconstrained build operations Thread 34" [_thread_blocked, id=10092, stack(0x00000073ecf00000,0x00000073ed000000)]
  0x000001a85a50fa60 JavaThread "Unconstrained build operations Thread 35" [_thread_blocked, id=12164, stack(0x00000073ed000000,0x00000073ed100000)]
  0x000001a85a513210 JavaThread "Unconstrained build operations Thread 36" [_thread_blocked, id=9448, stack(0x00000073ed100000,0x00000073ed200000)]
  0x000001a85a5122e0 JavaThread "Unconstrained build operations Thread 37" [_thread_blocked, id=7740, stack(0x00000073ed200000,0x00000073ed300000)]
  0x000001a85a514140 JavaThread "Unconstrained build operations Thread 38" [_thread_blocked, id=2052, stack(0x00000073ed300000,0x00000073ed400000)]
  0x000001a85a5127f0 JavaThread "Unconstrained build operations Thread 39" [_thread_blocked, id=7400, stack(0x00000073ed400000,0x00000073ed500000)]
  0x000001a85a50e620 JavaThread "Unconstrained build operations Thread 40" [_thread_blocked, id=5544, stack(0x00000073ed500000,0x00000073ed600000)]
  0x000001a85a514650 JavaThread "Cache worker for execution history cache (K:\React Native Projects\notification\android\.gradle\8.3\executionHistory)" [_thread_blocked, id=5584, stack(0x00000073ed600000,0x00000073ed700000)]

Other Threads:
  0x000001a83874e310 VMThread "VM Thread" [stack: 0x00000073e7500000,0x00000073e7600000] [id=1088]
  0x000001a81ab4d3c0 WatcherThread [stack: 0x00000073e8100000,0x00000073e8200000] [id=10080]
  0x000001a81aba8920 GCTaskThread "GC Thread#0" [stack: 0x00000073e7000000,0x00000073e7100000] [id=12124]
  0x000001a858349320 GCTaskThread "GC Thread#1" [stack: 0x00000073e8300000,0x00000073e8400000] [id=5792]
  0x000001a838c159f0 GCTaskThread "GC Thread#2" [stack: 0x00000073e8400000,0x00000073e8500000] [id=12100]
  0x000001a838c15cb0 GCTaskThread "GC Thread#3" [stack: 0x00000073e8500000,0x00000073e8600000] [id=10448]
  0x000001a81abb9780 ConcurrentGCThread "G1 Main Marker" [stack: 0x00000073e7100000,0x00000073e7200000] [id=11060]
  0x000001a81abba840 ConcurrentGCThread "G1 Conc#0" [stack: 0x00000073e7200000,0x00000073e7300000] [id=10288]
  0x000001a81ac0d740 ConcurrentGCThread "G1 Refine#0" [stack: 0x00000073e7300000,0x00000073e7400000] [id=10980]
  0x000001a83860a700 ConcurrentGCThread "G1 Service" [stack: 0x00000073e7400000,0x00000073e7500000] [id=2220]

Threads with active compile tasks:
C2 CompilerThread0    34243 14580       4       org.gradle.cache.internal.ExclusiveCacheAccessingWorker$1::call (10 bytes)
C2 CompilerThread1    34243 14574   !   4       org.gradle.cache.internal.DefaultMultiProcessSafeIndexedCache::getIfPresent (25 bytes)

VM state: not at safepoint (normal execution)

VM Mutex/Monitor currently owned by a thread: None

Heap address: 0x0000000080000000, size: 2048 MB, Compressed Oops mode: 32-bit

CDS archive(s) mapped at: [0x000001a839000000-0x000001a839bd0000-0x000001a839bd0000), size 12386304, SharedBaseAddress: 0x000001a839000000, ArchiveRelocationMode: 1.
Compressed class space mapped at: 0x000001a83a000000-0x000001a854000000, reserved size: 436207616
Narrow klass base: 0x000001a839000000, Narrow klass shift: 0, Narrow klass range: 0x100000000

GC Precious Log:
 CPUs: 4 total, 4 available
 Memory: 16268M
 Large Page Support: Disabled
 NUMA Support: Disabled
 Compressed Oops: Enabled (32-bit)
 Heap Region Size: 1M
 Heap Min Capacity: 8M
 Heap Initial Capacity: 256M
 Heap Max Capacity: 2G
 Pre-touch: Disabled
 Parallel Workers: 4
 Concurrent Workers: 1
 Concurrent Refinement Workers: 4
 Periodic GC: Disabled

Heap:
 garbage-first heap   total 277504K, used 188012K [0x0000000080000000, 0x0000000100000000)
  region size 1024K, 35 young (35840K), 6 survivors (6144K)
 Metaspace       used 97867K, committed 98816K, reserved 557056K
  class space    used 13680K, committed 14144K, reserved 425984K

Heap Regions: E=young(eden), S=young(survivor), O=old, HS=humongous(starts), HC=humongous(continues), CS=collection set, F=free, OA=open archive, CA=closed archive, TAMS=top-at-mark-start (previous, next)
|   0|0x0000000080000000, 0x0000000080100000, 0x0000000080100000|100%| O|  |TAMS 0x0000000080100000, 0x0000000080000000| Untracked 
|   1|0x0000000080100000, 0x0000000080200000, 0x0000000080200000|100%| O|  |TAMS 0x0000000080200000, 0x0000000080100000| Untracked 
|   2|0x0000000080200000, 0x0000000080300000, 0x0000000080300000|100%|HS|  |TAMS 0x0000000080300000, 0x0000000080200000| Complete 
|   3|0x0000000080300000, 0x0000000080400000, 0x0000000080400000|100%|HC|  |TAMS 0x0000000080400000, 0x0000000080300000| Complete 
|   4|0x0000000080400000, 0x0000000080500000, 0x0000000080500000|100%|HC|  |TAMS 0x0000000080500000, 0x0000000080400000| Complete 
|   5|0x0000000080500000, 0x0000000080600000, 0x0000000080600000|100%|HC|  |TAMS 0x0000000080600000, 0x0000000080500000| Complete 
|   6|0x0000000080600000, 0x0000000080700000, 0x0000000080700000|100%| O|  |TAMS 0x0000000080700000, 0x0000000080600000| Untracked 
|   7|0x0000000080700000, 0x0000000080800000, 0x0000000080800000|100%| O|  |TAMS 0x0000000080800000, 0x0000000080700000| Untracked 
|   8|0x0000000080800000, 0x0000000080900000, 0x0000000080900000|100%| O|  |TAMS 0x0000000080900000, 0x0000000080800000| Untracked 
|   9|0x0000000080900000, 0x0000000080a00000, 0x0000000080a00000|100%| O|  |TAMS 0x0000000080a00000, 0x0000000080900000| Untracked 
|  10|0x0000000080a00000, 0x0000000080b00000, 0x0000000080b00000|100%| O|  |TAMS 0x0000000080b00000, 0x0000000080a00000| Untracked 
|  11|0x0000000080b00000, 0x0000000080c00000, 0x0000000080c00000|100%| O|  |TAMS 0x0000000080c00000, 0x0000000080b00000| Untracked 
|  12|0x0000000080c00000, 0x0000000080d00000, 0x0000000080d00000|100%| O|  |TAMS 0x0000000080d00000, 0x0000000080c00000| Untracked 
|  13|0x0000000080d00000, 0x0000000080e00000, 0x0000000080e00000|100%| O|  |TAMS 0x0000000080e00000, 0x0000000080d00000| Untracked 
|  14|0x0000000080e00000, 0x0000000080f00000, 0x0000000080f00000|100%| O|  |TAMS 0x0000000080f00000, 0x0000000080e00000| Untracked 
|  15|0x0000000080f00000, 0x0000000081000000, 0x0000000081000000|100%| O|  |TAMS 0x0000000081000000, 0x0000000080f00000| Untracked 
|  16|0x0000000081000000, 0x0000000081100000, 0x0000000081100000|100%| O|  |TAMS 0x0000000081100000, 0x0000000081000000| Untracked 
|  17|0x0000000081100000, 0x0000000081200000, 0x0000000081200000|100%| O|  |TAMS 0x0000000081200000, 0x0000000081100000| Untracked 
|  18|0x0000000081200000, 0x0000000081300000, 0x0000000081300000|100%| O|  |TAMS 0x0000000081300000, 0x0000000081200000| Untracked 
|  19|0x0000000081300000, 0x0000000081400000, 0x0000000081400000|100%| O|  |TAMS 0x0000000081400000, 0x0000000081300000| Untracked 
|  20|0x0000000081400000, 0x0000000081500000, 0x0000000081500000|100%| O|  |TAMS 0x0000000081500000, 0x0000000081400000| Untracked 
|  21|0x0000000081500000, 0x0000000081600000, 0x0000000081600000|100%| O|  |TAMS 0x0000000081600000, 0x0000000081500000| Untracked 
|  22|0x0000000081600000, 0x0000000081700000, 0x0000000081700000|100%| O|  |TAMS 0x0000000081700000, 0x0000000081600000| Untracked 
|  23|0x0000000081700000, 0x0000000081800000, 0x0000000081800000|100%| O|  |TAMS 0x0000000081800000, 0x0000000081700000| Untracked 
|  24|0x0000000081800000, 0x0000000081900000, 0x0000000081900000|100%| O|  |TAMS 0x0000000081900000, 0x0000000081800000| Untracked 
|  25|0x0000000081900000, 0x0000000081a00000, 0x0000000081a00000|100%| O|  |TAMS 0x0000000081900000, 0x0000000081900000| Untracked 
|  26|0x0000000081a00000, 0x0000000081b00000, 0x0000000081b00000|100%| O|  |TAMS 0x0000000081b00000, 0x0000000081a00000| Untracked 
|  27|0x0000000081b00000, 0x0000000081c00000, 0x0000000081c00000|100%| O|  |TAMS 0x0000000081c00000, 0x0000000081b00000| Untracked 
|  28|0x0000000081c00000, 0x0000000081d00000, 0x0000000081d00000|100%| O|  |TAMS 0x0000000081d00000, 0x0000000081c00000| Untracked 
|  29|0x0000000081d00000, 0x0000000081e00000, 0x0000000081e00000|100%| O|  |TAMS 0x0000000081e00000, 0x0000000081d00000| Untracked 
|  30|0x0000000081e00000, 0x0000000081f00000, 0x0000000081f00000|100%| O|  |TAMS 0x0000000081f00000, 0x0000000081e00000| Untracked 
|  31|0x0000000081f00000, 0x0000000082000000, 0x0000000082000000|100%| O|  |TAMS 0x0000000082000000, 0x0000000081f00000| Untracked 
|  32|0x0000000082000000, 0x0000000082100000, 0x0000000082100000|100%| O|  |TAMS 0x0000000082100000, 0x0000000082000000| Untracked 
|  33|0x0000000082100000, 0x0000000082200000, 0x0000000082200000|100%| O|  |TAMS 0x0000000082200000, 0x0000000082100000| Untracked 
|  34|0x0000000082200000, 0x0000000082300000, 0x0000000082300000|100%|HS|  |TAMS 0x0000000082300000, 0x0000000082200000| Complete 
|  35|0x0000000082300000, 0x0000000082400000, 0x0000000082400000|100%|HC|  |TAMS 0x0000000082400000, 0x0000000082300000| Complete 
|  36|0x0000000082400000, 0x0000000082500000, 0x0000000082500000|100%|HS|  |TAMS 0x0000000082500000, 0x0000000082400000| Complete 
|  37|0x0000000082500000, 0x0000000082600000, 0x0000000082600000|100%|HC|  |TAMS 0x0000000082600000, 0x0000000082500000| Complete 
|  38|0x0000000082600000, 0x0000000082700000, 0x0000000082700000|100%| O|  |TAMS 0x0000000082700000, 0x0000000082600000| Untracked 
|  39|0x0000000082700000, 0x0000000082800000, 0x0000000082800000|100%| O|  |TAMS 0x0000000082800000, 0x0000000082700000| Untracked 
|  40|0x0000000082800000, 0x0000000082900000, 0x0000000082900000|100%|HS|  |TAMS 0x0000000082900000, 0x0000000082800000| Complete 
|  41|0x0000000082900000, 0x0000000082a00000, 0x0000000082a00000|100%|HC|  |TAMS 0x0000000082a00000, 0x0000000082900000| Complete 
|  42|0x0000000082a00000, 0x0000000082b00000, 0x0000000082b00000|100%|HC|  |TAMS 0x0000000082b00000, 0x0000000082a00000| Complete 
|  43|0x0000000082b00000, 0x0000000082c00000, 0x0000000082c00000|100%|HC|  |TAMS 0x0000000082c00000, 0x0000000082b00000| Complete 
|  44|0x0000000082c00000, 0x0000000082d00000, 0x0000000082d00000|100%| O|  |TAMS 0x0000000082d00000, 0x0000000082c00000| Untracked 
|  45|0x0000000082d00000, 0x0000000082e00000, 0x0000000082e00000|100%| O|  |TAMS 0x0000000082e00000, 0x0000000082d00000| Untracked 
|  46|0x0000000082e00000, 0x0000000082f00000, 0x0000000082f00000|100%| O|  |TAMS 0x0000000082f00000, 0x0000000082e00000| Untracked 
|  47|0x0000000082f00000, 0x0000000083000000, 0x0000000083000000|100%| O|  |TAMS 0x0000000083000000, 0x0000000082f00000| Untracked 
|  48|0x0000000083000000, 0x0000000083100000, 0x0000000083100000|100%| O|  |TAMS 0x0000000083100000, 0x0000000083000000| Untracked 
|  49|0x0000000083100000, 0x0000000083200000, 0x0000000083200000|100%| O|  |TAMS 0x0000000083200000, 0x0000000083100000| Untracked 
|  50|0x0000000083200000, 0x0000000083300000, 0x0000000083300000|100%|HS|  |TAMS 0x0000000083300000, 0x0000000083200000| Complete 
|  51|0x0000000083300000, 0x0000000083400000, 0x0000000083400000|100%|HC|  |TAMS 0x0000000083400000, 0x0000000083300000| Complete 
|  52|0x0000000083400000, 0x0000000083500000, 0x0000000083500000|100%|HC|  |TAMS 0x0000000083500000, 0x0000000083400000| Complete 
|  53|0x0000000083500000, 0x0000000083600000, 0x0000000083600000|100%|HC|  |TAMS 0x0000000083600000, 0x0000000083500000| Complete 
|  54|0x0000000083600000, 0x0000000083700000, 0x0000000083700000|100%| O|  |TAMS 0x0000000083700000, 0x0000000083600000| Untracked 
|  55|0x0000000083700000, 0x0000000083800000, 0x0000000083800000|100%| O|  |TAMS 0x0000000083800000, 0x0000000083700000| Untracked 
|  56|0x0000000083800000, 0x0000000083900000, 0x0000000083900000|100%| O|  |TAMS 0x0000000083900000, 0x0000000083800000| Untracked 
|  57|0x0000000083900000, 0x0000000083a00000, 0x0000000083a00000|100%| O|  |TAMS 0x0000000083a00000, 0x0000000083900000| Untracked 
|  58|0x0000000083a00000, 0x0000000083b00000, 0x0000000083b00000|100%| O|  |TAMS 0x0000000083b00000, 0x0000000083a00000| Untracked 
|  59|0x0000000083b00000, 0x0000000083c00000, 0x0000000083c00000|100%| O|  |TAMS 0x0000000083c00000, 0x0000000083b00000| Untracked 
|  60|0x0000000083c00000, 0x0000000083d00000, 0x0000000083d00000|100%| O|  |TAMS 0x0000000083d00000, 0x0000000083c00000| Untracked 
|  61|0x0000000083d00000, 0x0000000083e00000, 0x0000000083e00000|100%| O|  |TAMS 0x0000000083e00000, 0x0000000083d00000| Untracked 
|  62|0x0000000083e00000, 0x0000000083f00000, 0x0000000083f00000|100%| O|  |TAMS 0x0000000083f00000, 0x0000000083e00000| Untracked 
|  63|0x0000000083f00000, 0x0000000084000000, 0x0000000084000000|100%| O|  |TAMS 0x0000000084000000, 0x0000000083f00000| Untracked 
|  64|0x0000000084000000, 0x0000000084100000, 0x0000000084100000|100%| O|  |TAMS 0x0000000084100000, 0x0000000084000000| Untracked 
|  65|0x0000000084100000, 0x0000000084200000, 0x0000000084200000|100%|HS|  |TAMS 0x0000000084200000, 0x0000000084100000| Complete 
|  66|0x0000000084200000, 0x0000000084300000, 0x0000000084300000|100%|HS|  |TAMS 0x0000000084300000, 0x0000000084200000| Complete 
|  67|0x0000000084300000, 0x0000000084400000, 0x0000000084400000|100%|HS|  |TAMS 0x0000000084400000, 0x0000000084300000| Complete 
|  68|0x0000000084400000, 0x0000000084500000, 0x0000000084500000|100%| O|  |TAMS 0x0000000084500000, 0x0000000084400000| Untracked 
|  69|0x0000000084500000, 0x0000000084600000, 0x0000000084600000|100%|HS|  |TAMS 0x0000000084600000, 0x0000000084500000| Complete 
|  70|0x0000000084600000, 0x0000000084700000, 0x0000000084700000|100%| O|  |TAMS 0x0000000084700000, 0x0000000084600000| Untracked 
|  71|0x0000000084700000, 0x0000000084800000, 0x0000000084800000|100%| O|  |TAMS 0x0000000084800000, 0x0000000084700000| Untracked 
|  72|0x0000000084800000, 0x0000000084900000, 0x0000000084900000|100%| O|  |TAMS 0x0000000084900000, 0x0000000084800000| Untracked 
|  73|0x0000000084900000, 0x0000000084a00000, 0x0000000084a00000|100%| O|  |TAMS 0x0000000084900000, 0x0000000084900000| Untracked 
|  74|0x0000000084a00000, 0x0000000084b00000, 0x0000000084b00000|100%| O|  |TAMS 0x0000000084b00000, 0x0000000084a00000| Untracked 
|  75|0x0000000084b00000, 0x0000000084c00000, 0x0000000084c00000|100%| O|  |TAMS 0x0000000084c00000, 0x0000000084b00000| Untracked 
|  76|0x0000000084c00000, 0x0000000084d00000, 0x0000000084d00000|100%| O|  |TAMS 0x0000000084d00000, 0x0000000084c00000| Untracked 
|  77|0x0000000084d00000, 0x0000000084e00000, 0x0000000084e00000|100%| O|  |TAMS 0x0000000084e00000, 0x0000000084d00000| Untracked 
|  78|0x0000000084e00000, 0x0000000084f00000, 0x0000000084f00000|100%| O|  |TAMS 0x0000000084f00000, 0x0000000084e00000| Untracked 
|  79|0x0000000084f00000, 0x0000000085000000, 0x0000000085000000|100%| O|  |TAMS 0x0000000085000000, 0x0000000084f00000| Untracked 
|  80|0x0000000085000000, 0x0000000085100000, 0x0000000085100000|100%| O|  |TAMS 0x00000000850f4200, 0x0000000085000000| Untracked 
|  81|0x0000000085100000, 0x0000000085200000, 0x0000000085200000|100%| O|  |TAMS 0x0000000085100000, 0x0000000085100000| Untracked 
|  82|0x0000000085200000, 0x0000000085300000, 0x0000000085300000|100%| O|  |TAMS 0x0000000085200000, 0x0000000085200000| Untracked 
|  83|0x0000000085300000, 0x0000000085400000, 0x0000000085400000|100%| O|  |TAMS 0x0000000085300000, 0x0000000085300000| Untracked 
|  84|0x0000000085400000, 0x0000000085500000, 0x0000000085500000|100%| O|  |TAMS 0x0000000085400000, 0x0000000085400000| Untracked 
|  85|0x0000000085500000, 0x0000000085600000, 0x0000000085600000|100%| O|  |TAMS 0x0000000085500000, 0x0000000085500000| Untracked 
|  86|0x0000000085600000, 0x0000000085700000, 0x0000000085700000|100%| O|  |TAMS 0x0000000085600000, 0x0000000085600000| Untracked 
|  87|0x0000000085700000, 0x0000000085800000, 0x0000000085800000|100%| O|  |TAMS 0x0000000085700000, 0x0000000085700000| Untracked 
|  88|0x0000000085800000, 0x0000000085900000, 0x0000000085900000|100%|HS|  |TAMS 0x0000000085800000, 0x0000000085800000| Complete 
|  89|0x0000000085900000, 0x0000000085a00000, 0x0000000085a00000|100%|HS|  |TAMS 0x0000000085900000, 0x0000000085900000| Complete 
|  90|0x0000000085a00000, 0x0000000085b00000, 0x0000000085b00000|100%|HS|  |TAMS 0x0000000085a00000, 0x0000000085a00000| Complete 
|  91|0x0000000085b00000, 0x0000000085c00000, 0x0000000085c00000|100%|HC|  |TAMS 0x0000000085b00000, 0x0000000085b00000| Complete 
|  92|0x0000000085c00000, 0x0000000085d00000, 0x0000000085d00000|100%|HS|  |TAMS 0x0000000085c00000, 0x0000000085c00000| Complete 
|  93|0x0000000085d00000, 0x0000000085e00000, 0x0000000085e00000|100%|HS|  |TAMS 0x0000000085d00000, 0x0000000085d00000| Complete 
|  94|0x0000000085e00000, 0x0000000085f00000, 0x0000000085f00000|100%| O|  |TAMS 0x0000000085e00000, 0x0000000085e00000| Untracked 
|  95|0x0000000085f00000, 0x0000000086000000, 0x0000000086000000|100%| O|  |TAMS 0x0000000085f00000, 0x0000000085f00000| Untracked 
|  96|0x0000000086000000, 0x0000000086100000, 0x0000000086100000|100%| O|  |TAMS 0x0000000086000000, 0x0000000086000000| Untracked 
|  97|0x0000000086100000, 0x0000000086200000, 0x0000000086200000|100%| O|  |TAMS 0x0000000086100000, 0x0000000086100000| Untracked 
|  98|0x0000000086200000, 0x0000000086300000, 0x0000000086300000|100%| O|  |TAMS 0x0000000086200000, 0x0000000086200000| Untracked 
|  99|0x0000000086300000, 0x0000000086400000, 0x0000000086400000|100%| O|  |TAMS 0x0000000086300000, 0x0000000086300000| Untracked 
| 100|0x0000000086400000, 0x0000000086500000, 0x0000000086500000|100%| O|  |TAMS 0x0000000086400000, 0x0000000086400000| Untracked 
| 101|0x0000000086500000, 0x0000000086600000, 0x0000000086600000|100%| O|  |TAMS 0x0000000086500000, 0x0000000086500000| Untracked 
| 102|0x0000000086600000, 0x0000000086700000, 0x0000000086700000|100%| O|  |TAMS 0x0000000086600000, 0x0000000086600000| Untracked 
| 103|0x0000000086700000, 0x0000000086800000, 0x0000000086800000|100%| O|  |TAMS 0x0000000086700000, 0x0000000086700000| Untracked 
| 104|0x0000000086800000, 0x0000000086900000, 0x0000000086900000|100%| O|  |TAMS 0x0000000086800000, 0x0000000086800000| Untracked 
| 105|0x0000000086900000, 0x0000000086a00000, 0x0000000086a00000|100%| O|  |TAMS 0x0000000086900000, 0x0000000086900000| Untracked 
| 106|0x0000000086a00000, 0x0000000086b00000, 0x0000000086b00000|100%| O|  |TAMS 0x0000000086a00000, 0x0000000086a00000| Untracked 
| 107|0x0000000086b00000, 0x0000000086c00000, 0x0000000086c00000|100%| O|  |TAMS 0x0000000086b00000, 0x0000000086b00000| Untracked 
| 108|0x0000000086c00000, 0x0000000086d00000, 0x0000000086d00000|100%|HS|  |TAMS 0x0000000086c00000, 0x0000000086c00000| Complete 
| 109|0x0000000086d00000, 0x0000000086e00000, 0x0000000086e00000|100%| O|  |TAMS 0x0000000086d00000, 0x0000000086d00000| Untracked 
| 110|0x0000000086e00000, 0x0000000086f00000, 0x0000000086f00000|100%| O|  |TAMS 0x0000000086e00000, 0x0000000086e00000| Untracked 
| 111|0x0000000086f00000, 0x0000000087000000, 0x0000000087000000|100%| O|  |TAMS 0x0000000086f00000, 0x0000000086f00000| Untracked 
| 112|0x0000000087000000, 0x0000000087100000, 0x0000000087100000|100%| O|  |TAMS 0x0000000087000000, 0x0000000087000000| Untracked 
| 113|0x0000000087100000, 0x0000000087200000, 0x0000000087200000|100%| O|  |TAMS 0x0000000087100000, 0x0000000087100000| Untracked 
| 114|0x0000000087200000, 0x0000000087300000, 0x0000000087300000|100%| O|  |TAMS 0x0000000087200000, 0x0000000087200000| Untracked 
| 115|0x0000000087300000, 0x0000000087400000, 0x0000000087400000|100%| O|  |TAMS 0x0000000087300000, 0x0000000087300000| Untracked 
| 116|0x0000000087400000, 0x0000000087500000, 0x0000000087500000|100%| O|  |TAMS 0x0000000087400000, 0x0000000087400000| Untracked 
| 117|0x0000000087500000, 0x0000000087600000, 0x0000000087600000|100%| O|  |TAMS 0x0000000087500000, 0x0000000087500000| Untracked 
| 118|0x0000000087600000, 0x0000000087700000, 0x0000000087700000|100%| O|  |TAMS 0x0000000087600000, 0x0000000087600000| Untracked 
| 119|0x0000000087700000, 0x0000000087800000, 0x0000000087800000|100%| O|  |TAMS 0x0000000087700000, 0x0000000087700000| Untracked 
| 120|0x0000000087800000, 0x0000000087900000, 0x0000000087900000|100%| O|  |TAMS 0x0000000087800000, 0x0000000087800000| Untracked 
| 121|0x0000000087900000, 0x0000000087a00000, 0x0000000087a00000|100%| O|  |TAMS 0x0000000087900000, 0x0000000087900000| Untracked 
| 122|0x0000000087a00000, 0x0000000087b00000, 0x0000000087b00000|100%| O|  |TAMS 0x0000000087a00000, 0x0000000087a00000| Untracked 
| 123|0x0000000087b00000, 0x0000000087c00000, 0x0000000087c00000|100%| O|  |TAMS 0x0000000087b00000, 0x0000000087b00000| Untracked 
| 124|0x0000000087c00000, 0x0000000087d00000, 0x0000000087d00000|100%| O|  |TAMS 0x0000000087c00000, 0x0000000087c00000| Untracked 
| 125|0x0000000087d00000, 0x0000000087e00000, 0x0000000087e00000|100%| O|  |TAMS 0x0000000087d00000, 0x0000000087d00000| Untracked 
| 126|0x0000000087e00000, 0x0000000087f00000, 0x0000000087f00000|100%| O|  |TAMS 0x0000000087e00000, 0x0000000087e00000| Untracked 
| 127|0x0000000087f00000, 0x0000000088000000, 0x0000000088000000|100%| O|  |TAMS 0x0000000087f00000, 0x0000000087f00000| Untracked 
| 128|0x0000000088000000, 0x0000000088100000, 0x0000000088100000|100%| O|  |TAMS 0x0000000088000000, 0x0000000088000000| Untracked 
| 129|0x0000000088100000, 0x0000000088200000, 0x0000000088200000|100%| O|  |TAMS 0x0000000088100000, 0x0000000088100000| Untracked 
| 130|0x0000000088200000, 0x0000000088300000, 0x0000000088300000|100%| O|  |TAMS 0x0000000088200000, 0x0000000088200000| Untracked 
| 131|0x0000000088300000, 0x0000000088400000, 0x0000000088400000|100%| O|  |TAMS 0x0000000088300000, 0x0000000088300000| Untracked 
| 132|0x0000000088400000, 0x0000000088500000, 0x0000000088500000|100%| O|  |TAMS 0x0000000088400000, 0x0000000088400000| Untracked 
| 133|0x0000000088500000, 0x0000000088600000, 0x0000000088600000|100%| O|  |TAMS 0x0000000088500000, 0x0000000088500000| Untracked 
| 134|0x0000000088600000, 0x0000000088700000, 0x0000000088700000|100%| O|  |TAMS 0x0000000088600000, 0x0000000088600000| Untracked 
| 135|0x0000000088700000, 0x0000000088800000, 0x0000000088800000|100%| O|  |TAMS 0x0000000088700000, 0x0000000088700000| Untracked 
| 136|0x0000000088800000, 0x0000000088900000, 0x0000000088900000|100%| O|  |TAMS 0x0000000088800000, 0x0000000088800000| Untracked 
| 137|0x0000000088900000, 0x0000000088a00000, 0x0000000088a00000|100%| O|  |TAMS 0x0000000088900000, 0x0000000088900000| Untracked 
| 138|0x0000000088a00000, 0x0000000088b00000, 0x0000000088b00000|100%| O|  |TAMS 0x0000000088a00000, 0x0000000088a00000| Untracked 
| 139|0x0000000088b00000, 0x0000000088c00000, 0x0000000088c00000|100%| O|  |TAMS 0x0000000088b00000, 0x0000000088b00000| Untracked 
| 140|0x0000000088c00000, 0x0000000088d00000, 0x0000000088d00000|100%| O|  |TAMS 0x0000000088c00000, 0x0000000088c00000| Untracked 
| 141|0x0000000088d00000, 0x0000000088e00000, 0x0000000088e00000|100%| O|  |TAMS 0x0000000088d00000, 0x0000000088d00000| Untracked 
| 142|0x0000000088e00000, 0x0000000088f00000, 0x0000000088f00000|100%| O|  |TAMS 0x0000000088e00000, 0x0000000088e00000| Untracked 
| 143|0x0000000088f00000, 0x0000000089000000, 0x0000000089000000|100%| O|  |TAMS 0x0000000088f00000, 0x0000000088f00000| Untracked 
| 144|0x0000000089000000, 0x0000000089100000, 0x0000000089100000|100%| O|  |TAMS 0x0000000089000000, 0x0000000089000000| Untracked 
| 145|0x0000000089100000, 0x0000000089200000, 0x0000000089200000|100%| O|  |TAMS 0x0000000089100000, 0x0000000089100000| Untracked 
| 146|0x0000000089200000, 0x00000000892cc800, 0x0000000089300000| 79%| O|  |TAMS 0x0000000089200000, 0x0000000089200000| Untracked 
| 147|0x0000000089300000, 0x0000000089400000, 0x0000000089400000|100%|HS|  |TAMS 0x0000000089300000, 0x0000000089300000| Complete 
| 148|0x0000000089400000, 0x0000000089500000, 0x0000000089500000|100%|HC|  |TAMS 0x0000000089400000, 0x0000000089400000| Complete 
| 149|0x0000000089500000, 0x0000000089600000, 0x0000000089600000|100%|HS|  |TAMS 0x0000000089500000, 0x0000000089500000| Complete 
| 150|0x0000000089600000, 0x0000000089700000, 0x0000000089700000|100%|HC|  |TAMS 0x0000000089600000, 0x0000000089600000| Complete 
| 151|0x0000000089700000, 0x0000000089700000, 0x0000000089800000|  0%| F|  |TAMS 0x0000000089700000, 0x0000000089700000| Untracked 
| 152|0x0000000089800000, 0x0000000089800000, 0x0000000089900000|  0%| F|  |TAMS 0x0000000089800000, 0x0000000089800000| Untracked 
| 153|0x0000000089900000, 0x0000000089900000, 0x0000000089a00000|  0%| F|  |TAMS 0x0000000089900000, 0x0000000089900000| Untracked 
| 154|0x0000000089a00000, 0x0000000089a00000, 0x0000000089b00000|  0%| F|  |TAMS 0x0000000089a00000, 0x0000000089a00000| Untracked 
| 155|0x0000000089b00000, 0x0000000089b00000, 0x0000000089c00000|  0%| F|  |TAMS 0x0000000089b00000, 0x0000000089b00000| Untracked 
| 156|0x0000000089c00000, 0x0000000089c00000, 0x0000000089d00000|  0%| F|  |TAMS 0x0000000089c00000, 0x0000000089c00000| Untracked 
| 157|0x0000000089d00000, 0x0000000089d00000, 0x0000000089e00000|  0%| F|  |TAMS 0x0000000089d00000, 0x0000000089d00000| Untracked 
| 158|0x0000000089e00000, 0x0000000089e00000, 0x0000000089f00000|  0%| F|  |TAMS 0x0000000089e00000, 0x0000000089e00000| Untracked 
| 159|0x0000000089f00000, 0x0000000089f00000, 0x000000008a000000|  0%| F|  |TAMS 0x0000000089f00000, 0x0000000089f00000| Untracked 
| 160|0x000000008a000000, 0x000000008a000000, 0x000000008a100000|  0%| F|  |TAMS 0x000000008a000000, 0x000000008a000000| Untracked 
| 161|0x000000008a100000, 0x000000008a100000, 0x000000008a200000|  0%| F|  |TAMS 0x000000008a100000, 0x000000008a100000| Untracked 
| 162|0x000000008a200000, 0x000000008a200000, 0x000000008a300000|  0%| F|  |TAMS 0x000000008a200000, 0x000000008a200000| Untracked 
| 163|0x000000008a300000, 0x000000008a300000, 0x000000008a400000|  0%| F|  |TAMS 0x000000008a300000, 0x000000008a300000| Untracked 
| 164|0x000000008a400000, 0x000000008a400000, 0x000000008a500000|  0%| F|  |TAMS 0x000000008a400000, 0x000000008a400000| Untracked 
| 165|0x000000008a500000, 0x000000008a500000, 0x000000008a600000|  0%| F|  |TAMS 0x000000008a500000, 0x000000008a500000| Untracked 
| 166|0x000000008a600000, 0x000000008a600000, 0x000000008a700000|  0%| F|  |TAMS 0x000000008a600000, 0x000000008a600000| Untracked 
| 167|0x000000008a700000, 0x000000008a700000, 0x000000008a800000|  0%| F|  |TAMS 0x000000008a700000, 0x000000008a700000| Untracked 
| 168|0x000000008a800000, 0x000000008a800000, 0x000000008a900000|  0%| F|  |TAMS 0x000000008a800000, 0x000000008a800000| Untracked 
| 169|0x000000008a900000, 0x000000008a900000, 0x000000008aa00000|  0%| F|  |TAMS 0x000000008a900000, 0x000000008a900000| Untracked 
| 170|0x000000008aa00000, 0x000000008aa00000, 0x000000008ab00000|  0%| F|  |TAMS 0x000000008aa00000, 0x000000008aa00000| Untracked 
| 171|0x000000008ab00000, 0x000000008ab00000, 0x000000008ac00000|  0%| F|  |TAMS 0x000000008ab00000, 0x000000008ab00000| Untracked 
| 172|0x000000008ac00000, 0x000000008ac00000, 0x000000008ad00000|  0%| F|  |TAMS 0x000000008ac00000, 0x000000008ac00000| Untracked 
| 173|0x000000008ad00000, 0x000000008ad00000, 0x000000008ae00000|  0%| F|  |TAMS 0x000000008ad00000, 0x000000008ad00000| Untracked 
| 174|0x000000008ae00000, 0x000000008ae00000, 0x000000008af00000|  0%| F|  |TAMS 0x000000008ae00000, 0x000000008ae00000| Untracked 
| 175|0x000000008af00000, 0x000000008af00000, 0x000000008b000000|  0%| F|  |TAMS 0x000000008af00000, 0x000000008af00000| Untracked 
| 176|0x000000008b000000, 0x000000008b000000, 0x000000008b100000|  0%| F|  |TAMS 0x000000008b000000, 0x000000008b000000| Untracked 
| 177|0x000000008b100000, 0x000000008b100000, 0x000000008b200000|  0%| F|  |TAMS 0x000000008b100000, 0x000000008b100000| Untracked 
| 178|0x000000008b200000, 0x000000008b200000, 0x000000008b300000|  0%| F|  |TAMS 0x000000008b200000, 0x000000008b200000| Untracked 
| 179|0x000000008b300000, 0x000000008b300000, 0x000000008b400000|  0%| F|  |TAMS 0x000000008b300000, 0x000000008b300000| Untracked 
| 180|0x000000008b400000, 0x000000008b400000, 0x000000008b500000|  0%| F|  |TAMS 0x000000008b400000, 0x000000008b400000| Untracked 
| 181|0x000000008b500000, 0x000000008b500000, 0x000000008b600000|  0%| F|  |TAMS 0x000000008b500000, 0x000000008b500000| Untracked 
| 182|0x000000008b600000, 0x000000008b600000, 0x000000008b700000|  0%| F|  |TAMS 0x000000008b600000, 0x000000008b600000| Untracked 
| 183|0x000000008b700000, 0x000000008b700000, 0x000000008b800000|  0%| F|  |TAMS 0x000000008b700000, 0x000000008b700000| Untracked 
| 184|0x000000008b800000, 0x000000008b800000, 0x000000008b900000|  0%| F|  |TAMS 0x000000008b800000, 0x000000008b800000| Untracked 
| 185|0x000000008b900000, 0x000000008b900000, 0x000000008ba00000|  0%| F|  |TAMS 0x000000008b900000, 0x000000008b900000| Untracked 
| 186|0x000000008ba00000, 0x000000008bacea70, 0x000000008bb00000| 80%| S|CS|TAMS 0x000000008ba00000, 0x000000008ba00000| Complete 
| 187|0x000000008bb00000, 0x000000008bc00000, 0x000000008bc00000|100%| S|CS|TAMS 0x000000008bb00000, 0x000000008bb00000| Complete 
| 188|0x000000008bc00000, 0x000000008bd00000, 0x000000008bd00000|100%| S|CS|TAMS 0x000000008bc00000, 0x000000008bc00000| Complete 
| 189|0x000000008bd00000, 0x000000008bd00000, 0x000000008be00000|  0%| F|  |TAMS 0x000000008bd00000, 0x000000008bd00000| Untracked 
| 190|0x000000008be00000, 0x000000008be00000, 0x000000008bf00000|  0%| F|  |TAMS 0x000000008be00000, 0x000000008be00000| Untracked 
| 191|0x000000008bf00000, 0x000000008bf00000, 0x000000008c000000|  0%| F|  |TAMS 0x000000008bf00000, 0x000000008bf00000| Untracked 
| 192|0x000000008c000000, 0x000000008c000000, 0x000000008c100000|  0%| F|  |TAMS 0x000000008c000000, 0x000000008c000000| Untracked 
| 193|0x000000008c100000, 0x000000008c100000, 0x000000008c200000|  0%| F|  |TAMS 0x000000008c100000, 0x000000008c100000| Untracked 
| 194|0x000000008c200000, 0x000000008c200000, 0x000000008c300000|  0%| F|  |TAMS 0x000000008c200000, 0x000000008c200000| Untracked 
| 195|0x000000008c300000, 0x000000008c300000, 0x000000008c400000|  0%| F|  |TAMS 0x000000008c300000, 0x000000008c300000| Untracked 
| 196|0x000000008c400000, 0x000000008c400000, 0x000000008c500000|  0%| F|  |TAMS 0x000000008c400000, 0x000000008c400000| Untracked 
| 197|0x000000008c500000, 0x000000008c500000, 0x000000008c600000|  0%| F|  |TAMS 0x000000008c500000, 0x000000008c500000| Untracked 
| 198|0x000000008c600000, 0x000000008c600000, 0x000000008c700000|  0%| F|  |TAMS 0x000000008c600000, 0x000000008c600000| Untracked 
| 199|0x000000008c700000, 0x000000008c800000, 0x000000008c800000|100%| S|CS|TAMS 0x000000008c700000, 0x000000008c700000| Complete 
| 200|0x000000008c800000, 0x000000008c900000, 0x000000008c900000|100%| S|CS|TAMS 0x000000008c800000, 0x000000008c800000| Complete 
| 201|0x000000008c900000, 0x000000008ca00000, 0x000000008ca00000|100%| S|CS|TAMS 0x000000008c900000, 0x000000008c900000| Complete 
| 202|0x000000008ca00000, 0x000000008ca00000, 0x000000008cb00000|  0%| F|  |TAMS 0x000000008ca00000, 0x000000008ca00000| Untracked 
| 203|0x000000008cb00000, 0x000000008cb00000, 0x000000008cc00000|  0%| F|  |TAMS 0x000000008cb00000, 0x000000008cb00000| Untracked 
| 204|0x000000008cc00000, 0x000000008cc00000, 0x000000008cd00000|  0%| F|  |TAMS 0x000000008cc00000, 0x000000008cc00000| Untracked 
| 205|0x000000008cd00000, 0x000000008cd00000, 0x000000008ce00000|  0%| F|  |TAMS 0x000000008cd00000, 0x000000008cd00000| Untracked 
| 206|0x000000008ce00000, 0x000000008ce00000, 0x000000008cf00000|  0%| F|  |TAMS 0x000000008ce00000, 0x000000008ce00000| Untracked 
| 207|0x000000008cf00000, 0x000000008cf00000, 0x000000008d000000|  0%| F|  |TAMS 0x000000008cf00000, 0x000000008cf00000| Untracked 
| 208|0x000000008d000000, 0x000000008d000000, 0x000000008d100000|  0%| F|  |TAMS 0x000000008d000000, 0x000000008d000000| Untracked 
| 209|0x000000008d100000, 0x000000008d100000, 0x000000008d200000|  0%| F|  |TAMS 0x000000008d100000, 0x000000008d100000| Untracked 
| 210|0x000000008d200000, 0x000000008d200000, 0x000000008d300000|  0%| F|  |TAMS 0x000000008d200000, 0x000000008d200000| Untracked 
| 211|0x000000008d300000, 0x000000008d300000, 0x000000008d400000|  0%| F|  |TAMS 0x000000008d300000, 0x000000008d300000| Untracked 
| 212|0x000000008d400000, 0x000000008d400000, 0x000000008d500000|  0%| F|  |TAMS 0x000000008d400000, 0x000000008d400000| Untracked 
| 213|0x000000008d500000, 0x000000008d500000, 0x000000008d600000|  0%| F|  |TAMS 0x000000008d500000, 0x000000008d500000| Untracked 
| 214|0x000000008d600000, 0x000000008d600000, 0x000000008d700000|  0%| F|  |TAMS 0x000000008d600000, 0x000000008d600000| Untracked 
| 215|0x000000008d700000, 0x000000008d700000, 0x000000008d800000|  0%| F|  |TAMS 0x000000008d700000, 0x000000008d700000| Untracked 
| 216|0x000000008d800000, 0x000000008d800000, 0x000000008d900000|  0%| F|  |TAMS 0x000000008d800000, 0x000000008d800000| Untracked 
| 217|0x000000008d900000, 0x000000008d900000, 0x000000008da00000|  0%| F|  |TAMS 0x000000008d900000, 0x000000008d900000| Untracked 
| 218|0x000000008da00000, 0x000000008da00000, 0x000000008db00000|  0%| F|  |TAMS 0x000000008da00000, 0x000000008da00000| Untracked 
| 219|0x000000008db00000, 0x000000008db00000, 0x000000008dc00000|  0%| F|  |TAMS 0x000000008db00000, 0x000000008db00000| Untracked 
| 220|0x000000008dc00000, 0x000000008dc00000, 0x000000008dd00000|  0%| F|  |TAMS 0x000000008dc00000, 0x000000008dc00000| Untracked 
| 221|0x000000008dd00000, 0x000000008dd00000, 0x000000008de00000|  0%| F|  |TAMS 0x000000008dd00000, 0x000000008dd00000| Untracked 
| 222|0x000000008de00000, 0x000000008de00000, 0x000000008df00000|  0%| F|  |TAMS 0x000000008de00000, 0x000000008de00000| Untracked 
| 223|0x000000008df00000, 0x000000008df00000, 0x000000008e000000|  0%| F|  |TAMS 0x000000008df00000, 0x000000008df00000| Untracked 
| 224|0x000000008e000000, 0x000000008e000000, 0x000000008e100000|  0%| F|  |TAMS 0x000000008e000000, 0x000000008e000000| Untracked 
| 225|0x000000008e100000, 0x000000008e100000, 0x000000008e200000|  0%| F|  |TAMS 0x000000008e100000, 0x000000008e100000| Untracked 
| 226|0x000000008e200000, 0x000000008e200000, 0x000000008e300000|  0%| F|  |TAMS 0x000000008e200000, 0x000000008e200000| Untracked 
| 227|0x000000008e300000, 0x000000008e300000, 0x000000008e400000|  0%| F|  |TAMS 0x000000008e300000, 0x000000008e300000| Untracked 
| 228|0x000000008e400000, 0x000000008e400000, 0x000000008e500000|  0%| F|  |TAMS 0x000000008e400000, 0x000000008e400000| Untracked 
| 229|0x000000008e500000, 0x000000008e500000, 0x000000008e600000|  0%| F|  |TAMS 0x000000008e500000, 0x000000008e500000| Untracked 
| 230|0x000000008e600000, 0x000000008e600000, 0x000000008e700000|  0%| F|  |TAMS 0x000000008e600000, 0x000000008e600000| Untracked 
| 231|0x000000008e700000, 0x000000008e700000, 0x000000008e800000|  0%| F|  |TAMS 0x000000008e700000, 0x000000008e700000| Untracked 
| 232|0x000000008e800000, 0x000000008e800000, 0x000000008e900000|  0%| F|  |TAMS 0x000000008e800000, 0x000000008e800000| Untracked 
| 233|0x000000008e900000, 0x000000008e900000, 0x000000008ea00000|  0%| F|  |TAMS 0x000000008e900000, 0x000000008e900000| Untracked 
| 234|0x000000008ea00000, 0x000000008ea00000, 0x000000008eb00000|  0%| F|  |TAMS 0x000000008ea00000, 0x000000008ea00000| Untracked 
| 235|0x000000008eb00000, 0x000000008eb00000, 0x000000008ec00000|  0%| F|  |TAMS 0x000000008eb00000, 0x000000008eb00000| Untracked 
| 236|0x000000008ec00000, 0x000000008ec00000, 0x000000008ed00000|  0%| F|  |TAMS 0x000000008ec00000, 0x000000008ec00000| Untracked 
| 237|0x000000008ed00000, 0x000000008ed00000, 0x000000008ee00000|  0%| F|  |TAMS 0x000000008ed00000, 0x000000008ed00000| Untracked 
| 238|0x000000008ee00000, 0x000000008ee00000, 0x000000008ef00000|  0%| F|  |TAMS 0x000000008ee00000, 0x000000008ee00000| Untracked 
| 239|0x000000008ef00000, 0x000000008ef00000, 0x000000008f000000|  0%| F|  |TAMS 0x000000008ef00000, 0x000000008ef00000| Untracked 
| 240|0x000000008f000000, 0x000000008f000000, 0x000000008f100000|  0%| F|  |TAMS 0x000000008f000000, 0x000000008f000000| Untracked 
| 241|0x000000008f100000, 0x000000008f100000, 0x000000008f200000|  0%| F|  |TAMS 0x000000008f100000, 0x000000008f100000| Untracked 
| 242|0x000000008f200000, 0x000000008f300000, 0x000000008f300000|100%| E|  |TAMS 0x000000008f200000, 0x000000008f200000| Complete 
| 243|0x000000008f300000, 0x000000008f400000, 0x000000008f400000|100%| E|CS|TAMS 0x000000008f300000, 0x000000008f300000| Complete 
| 244|0x000000008f400000, 0x000000008f500000, 0x000000008f500000|100%| E|CS|TAMS 0x000000008f400000, 0x000000008f400000| Complete 
| 245|0x000000008f500000, 0x000000008f600000, 0x000000008f600000|100%| E|CS|TAMS 0x000000008f500000, 0x000000008f500000| Complete 
| 246|0x000000008f600000, 0x000000008f700000, 0x000000008f700000|100%| E|CS|TAMS 0x000000008f600000, 0x000000008f600000| Complete 
| 247|0x000000008f700000, 0x000000008f800000, 0x000000008f800000|100%| E|CS|TAMS 0x000000008f700000, 0x000000008f700000| Complete 
| 248|0x000000008f800000, 0x000000008f900000, 0x000000008f900000|100%| E|CS|TAMS 0x000000008f800000, 0x000000008f800000| Complete 
| 249|0x000000008f900000, 0x000000008fa00000, 0x000000008fa00000|100%| E|CS|TAMS 0x000000008f900000, 0x000000008f900000| Complete 
| 250|0x000000008fa00000, 0x000000008fb00000, 0x000000008fb00000|100%| E|CS|TAMS 0x000000008fa00000, 0x000000008fa00000| Complete 
| 251|0x000000008fb00000, 0x000000008fc00000, 0x000000008fc00000|100%| E|CS|TAMS 0x000000008fb00000, 0x000000008fb00000| Complete 
| 252|0x000000008fc00000, 0x000000008fd00000, 0x000000008fd00000|100%| E|CS|TAMS 0x000000008fc00000, 0x000000008fc00000| Complete 
| 253|0x000000008fd00000, 0x000000008fe00000, 0x000000008fe00000|100%| E|CS|TAMS 0x000000008fd00000, 0x000000008fd00000| Complete 
| 254|0x000000008fe00000, 0x000000008ff00000, 0x000000008ff00000|100%| E|CS|TAMS 0x000000008fe00000, 0x000000008fe00000| Complete 
| 255|0x000000008ff00000, 0x0000000090000000, 0x0000000090000000|100%| E|CS|TAMS 0x000000008ff00000, 0x000000008ff00000| Complete 
| 256|0x0000000090000000, 0x0000000090100000, 0x0000000090100000|100%| E|CS|TAMS 0x0000000090000000, 0x0000000090000000| Complete 
| 257|0x0000000090100000, 0x0000000090200000, 0x0000000090200000|100%| E|CS|TAMS 0x0000000090100000, 0x0000000090100000| Complete 
| 258|0x0000000090200000, 0x0000000090300000, 0x0000000090300000|100%| E|CS|TAMS 0x0000000090200000, 0x0000000090200000| Complete 
| 259|0x0000000090300000, 0x0000000090400000, 0x0000000090400000|100%| E|CS|TAMS 0x0000000090300000, 0x0000000090300000| Complete 
| 260|0x0000000090400000, 0x0000000090500000, 0x0000000090500000|100%| E|CS|TAMS 0x0000000090400000, 0x0000000090400000| Complete 
| 261|0x0000000090500000, 0x0000000090600000, 0x0000000090600000|100%| E|CS|TAMS 0x0000000090500000, 0x0000000090500000| Complete 
| 262|0x0000000090600000, 0x0000000090700000, 0x0000000090700000|100%| E|CS|TAMS 0x0000000090600000, 0x0000000090600000| Complete 
| 263|0x0000000090700000, 0x0000000090800000, 0x0000000090800000|100%| E|CS|TAMS 0x0000000090700000, 0x0000000090700000| Complete 
| 264|0x0000000090800000, 0x0000000090900000, 0x0000000090900000|100%| E|CS|TAMS 0x0000000090800000, 0x0000000090800000| Complete 
| 265|0x0000000090900000, 0x0000000090a00000, 0x0000000090a00000|100%| E|CS|TAMS 0x0000000090900000, 0x0000000090900000| Complete 
| 266|0x0000000090a00000, 0x0000000090b00000, 0x0000000090b00000|100%| E|CS|TAMS 0x0000000090a00000, 0x0000000090a00000| Complete 
| 267|0x0000000090b00000, 0x0000000090c00000, 0x0000000090c00000|100%| E|CS|TAMS 0x0000000090b00000, 0x0000000090b00000| Complete 
| 268|0x0000000090c00000, 0x0000000090d00000, 0x0000000090d00000|100%| E|  |TAMS 0x0000000090c00000, 0x0000000090c00000| Complete 
| 269|0x0000000090d00000, 0x0000000090e00000, 0x0000000090e00000|100%| E|CS|TAMS 0x0000000090d00000, 0x0000000090d00000| Complete 
| 270|0x0000000090e00000, 0x0000000090f00000, 0x0000000090f00000|100%| E|CS|TAMS 0x0000000090e00000, 0x0000000090e00000| Complete 

Card table byte_map: [0x000001a831a50000,0x000001a831e50000] _byte_map_base: 0x000001a831650000

Marking Bits (Prev, Next): (CMBitMap*) 0x000001a81aba8e90, (CMBitMap*) 0x000001a81aba8e50
 Prev Bits: [0x000001a834250000, 0x000001a836250000)
 Next Bits: [0x000001a832250000, 0x000001a834250000)

Polling page: 0x000001a818a70000

Metaspace:

Usage:
  Non-class:     82.22 MB used.
      Class:     13.36 MB used.
       Both:     95.58 MB used.

Virtual space:
  Non-class space:      128.00 MB reserved,      82.69 MB ( 65%) committed,  2 nodes.
      Class space:      416.00 MB reserved,      13.81 MB (  3%) committed,  1 nodes.
             Both:      544.00 MB reserved,      96.50 MB ( 18%) committed. 

Chunk freelists:
   Non-Class:  13.02 MB
       Class:  2.09 MB
        Both:  15.11 MB

MaxMetaspaceSize: 512.00 MB
CompressedClassSpaceSize: 416.00 MB
Initial GC threshold: 21.00 MB
Current GC threshold: 123.38 MB
CDS: on
MetaspaceReclaimPolicy: balanced
 - commit_granule_bytes: 65536.
 - commit_granule_words: 8192.
 - virtual_space_node_default_size: 8388608.
 - enlarge_chunks_in_place: 1.
 - new_chunks_are_fully_committed: 0.
 - uncommit_free_chunks: 1.
 - use_allocation_guard: 0.
 - handle_deallocations: 1.


Internal statistics:

num_allocs_failed_limit: 6.
num_arena_births: 1224.
num_arena_deaths: 0.
num_vsnodes_births: 3.
num_vsnodes_deaths: 0.
num_space_committed: 1544.
num_space_uncommitted: 0.
num_chunks_returned_to_freelist: 6.
num_chunks_taken_from_freelist: 5526.
num_chunk_merges: 6.
num_chunk_splits: 3568.
num_chunks_enlarged: 2280.
num_inconsistent_stats: 0.

CodeHeap 'non-profiled nmethods': size=120000Kb used=8536Kb max_used=8536Kb free=111463Kb
 bounds [0x000001a82a120000, 0x000001a82a980000, 0x000001a831650000]
CodeHeap 'profiled nmethods': size=120000Kb used=24124Kb max_used=24403Kb free=95875Kb
 bounds [0x000001a822650000, 0x000001a823e30000, 0x000001a829b80000]
CodeHeap 'non-nmethods': size=5760Kb used=2396Kb max_used=2533Kb free=3363Kb
 bounds [0x000001a829b80000, 0x000001a829e00000, 0x000001a82a120000]
 total_blobs=13300 nmethods=12371 adapters=840
 compilation: enabled
              stopped_count=0, restarted_count=0
 full_count=0

Compilation events (20 events):
Event: 34.002 Thread 0x000001a83876d4f0 nmethod 14570 0x000001a82a95b810 code [0x000001a82a95b980, 0x000001a82a95bab8]
Event: 34.002 Thread 0x000001a83876d4f0 14568   !   4       org.gradle.cache.internal.DefaultCacheCoordinator::getFileLock (97 bytes)
Event: 34.008 Thread 0x000001a83876d4f0 nmethod 14568 0x000001a82a95bc10 code [0x000001a82a95bdc0, 0x000001a82a95c3b8]
Event: 34.008 Thread 0x000001a83876d4f0 14569       4       org.gradle.cache.internal.btree.KeyHasher$MessageDigestStream::write (11 bytes)
Event: 34.023 Thread 0x000001a83876d4f0 nmethod 14569 0x000001a82a95c790 code [0x000001a82a95c940, 0x000001a82a95d108]
Event: 34.024 Thread 0x000001a83876d4f0 14566       4       java.lang.String::encodeUTF8 (141 bytes)
Event: 34.025 Thread 0x000001a83876d4f0 nmethod 14566 0x000001a82a95d690 code [0x000001a82a95d820, 0x000001a82a95da88]
Event: 34.025 Thread 0x000001a83876d4f0 14572       4       com.google.common.cache.LocalCache$LoadingValueReference::get (10 bytes)
Event: 34.026 Thread 0x000001a83876d4f0 nmethod 14572 0x000001a82a95dc10 code [0x000001a82a95dd80, 0x000001a82a95de38]
Event: 34.026 Thread 0x000001a83876d4f0 14571       4       com.google.common.cache.LocalCache$Segment::loadSync (19 bytes)
Event: 34.071 Thread 0x000001a85a1a72e0 nmethod 14530 0x000001a82a95df10 code [0x000001a82a95e560, 0x000001a82a9669d0]
Event: 34.072 Thread 0x000001a85a1a72e0 14575       4       java.util.ArrayDeque::removeLast (19 bytes)
Event: 34.073 Thread 0x000001a85a1a72e0 nmethod 14575 0x000001a82a96af90 code [0x000001a82a96b100, 0x000001a82a96b238]
Event: 34.073 Thread 0x000001a85a1a72e0 14576       4       java.util.concurrent.locks.LockSupport::parkNanos (29 bytes)
Event: 34.075 Thread 0x000001a85a1a72e0 nmethod 14576 0x000001a82a96b390 code [0x000001a82a96b520, 0x000001a82a96b728]
Event: 34.075 Thread 0x000001a85a1a72e0 14574   !   4       org.gradle.cache.internal.DefaultMultiProcessSafeIndexedCache::getIfPresent (25 bytes)
Event: 34.099 Thread 0x000001a83876d4f0 nmethod 14571 0x000001a82a96b810 code [0x000001a82a96bb80, 0x000001a82a96ec28]
Event: 34.100 Thread 0x000001a83876d4f0 14577       4       java.util.TimSort::countRunAndMakeAscending (128 bytes)
Event: 34.106 Thread 0x000001a83876d4f0 nmethod 14577 0x000001a82a970810 code [0x000001a82a9709a0, 0x000001a82a970f58]
Event: 34.106 Thread 0x000001a83876d4f0 14573   !   4       com.google.common.cache.LocalCache$LoadingValueReference::loadFuture (125 bytes)

GC Heap History (20 events):
Event: 27.584 GC heap before
{Heap before GC invocations=45 (full 0):
 garbage-first heap   total 196608K, used 153451K [0x0000000080000000, 0x0000000100000000)
  region size 1024K, 65 young (66560K), 5 survivors (5120K)
 Metaspace       used 86604K, committed 87424K, reserved 557056K
  class space    used 12239K, committed 12608K, reserved 425984K
}
Event: 27.593 GC heap after
{Heap after GC invocations=46 (full 0):
 garbage-first heap   total 196608K, used 98457K [0x0000000080000000, 0x0000000100000000)
  region size 1024K, 9 young (9216K), 9 survivors (9216K)
 Metaspace       used 86604K, committed 87424K, reserved 557056K
  class space    used 12239K, committed 12608K, reserved 425984K
}
Event: 28.554 GC heap before
{Heap before GC invocations=46 (full 0):
 garbage-first heap   total 196608K, used 159897K [0x0000000080000000, 0x0000000100000000)
  region size 1024K, 64 young (65536K), 9 survivors (9216K)
 Metaspace       used 87569K, committed 88384K, reserved 557056K
  class space    used 12355K, committed 12736K, reserved 425984K
}
Event: 28.566 GC heap after
{Heap after GC invocations=47 (full 0):
 garbage-first heap   total 196608K, used 117201K [0x0000000080000000, 0x0000000100000000)
  region size 1024K, 8 young (8192K), 8 survivors (8192K)
 Metaspace       used 87569K, committed 88384K, reserved 557056K
  class space    used 12355K, committed 12736K, reserved 425984K
}
Event: 29.253 GC heap before
{Heap before GC invocations=47 (full 0):
 garbage-first heap   total 196608K, used 158161K [0x0000000080000000, 0x0000000100000000)
  region size 1024K, 47 young (48128K), 8 survivors (8192K)
 Metaspace       used 87989K, committed 88832K, reserved 557056K
  class space    used 12405K, committed 12800K, reserved 425984K
}
Event: 29.263 GC heap after
{Heap after GC invocations=48 (full 0):
 garbage-first heap   total 196608K, used 131048K [0x0000000080000000, 0x0000000100000000)
  region size 1024K, 6 young (6144K), 6 survivors (6144K)
 Metaspace       used 87989K, committed 88832K, reserved 557056K
  class space    used 12405K, committed 12800K, reserved 425984K
}
Event: 29.793 GC heap before
{Heap before GC invocations=48 (full 0):
 garbage-first heap   total 196608K, used 160744K [0x0000000080000000, 0x0000000100000000)
  region size 1024K, 35 young (35840K), 6 survivors (6144K)
 Metaspace       used 89124K, committed 90048K, reserved 557056K
  class space    used 12546K, committed 12992K, reserved 425984K
}
Event: 29.804 GC heap after
{Heap after GC invocations=49 (full 0):
 garbage-first heap   total 196608K, used 135151K [0x0000000080000000, 0x0000000100000000)
  region size 1024K, 4 young (4096K), 4 survivors (4096K)
 Metaspace       used 89124K, committed 90048K, reserved 557056K
  class space    used 12546K, committed 12992K, reserved 425984K
}
Event: 30.155 GC heap before
{Heap before GC invocations=49 (full 0):
 garbage-first heap   total 196608K, used 160751K [0x0000000080000000, 0x0000000100000000)
  region size 1024K, 30 young (30720K), 4 survivors (4096K)
 Metaspace       used 91324K, committed 92160K, reserved 557056K
  class space    used 12908K, committed 13312K, reserved 425984K
}
Event: 30.163 GC heap after
{Heap after GC invocations=50 (full 0):
 garbage-first heap   total 196608K, used 136540K [0x0000000080000000, 0x0000000100000000)
  region size 1024K, 2 young (2048K), 2 survivors (2048K)
 Metaspace       used 91324K, committed 92160K, reserved 557056K
  class space    used 12908K, committed 13312K, reserved 425984K
}
Event: 30.741 GC heap before
{Heap before GC invocations=50 (full 0):
 garbage-first heap   total 196608K, used 164188K [0x0000000080000000, 0x0000000100000000)
  region size 1024K, 29 young (29696K), 2 survivors (2048K)
 Metaspace       used 94074K, committed 95040K, reserved 557056K
  class space    used 13239K, committed 13696K, reserved 425984K
}
Event: 30.747 GC heap after
{Heap after GC invocations=51 (full 0):
 garbage-first heap   total 196608K, used 138334K [0x0000000080000000, 0x0000000100000000)
  region size 1024K, 4 young (4096K), 4 survivors (4096K)
 Metaspace       used 94074K, committed 95040K, reserved 557056K
  class space    used 13239K, committed 13696K, reserved 425984K
}
Event: 31.082 GC heap before
{Heap before GC invocations=51 (full 0):
 garbage-first heap   total 196608K, used 164958K [0x0000000080000000, 0x0000000100000000)
  region size 1024K, 30 young (30720K), 4 survivors (4096K)
 Metaspace       used 95241K, committed 96192K, reserved 557056K
  class space    used 13388K, committed 13824K, reserved 425984K
}
Event: 31.088 GC heap after
{Heap after GC invocations=52 (full 0):
 garbage-first heap   total 196608K, used 140668K [0x0000000080000000, 0x0000000100000000)
  region size 1024K, 3 young (3072K), 3 survivors (3072K)
 Metaspace       used 95241K, committed 96192K, reserved 557056K
  class space    used 13388K, committed 13824K, reserved 425984K
}
Event: 31.409 GC heap before
{Heap before GC invocations=52 (full 0):
 garbage-first heap   total 196608K, used 166268K [0x0000000080000000, 0x0000000100000000)
  region size 1024K, 28 young (28672K), 3 survivors (3072K)
 Metaspace       used 96113K, committed 97088K, reserved 557056K
  class space    used 13496K, committed 13952K, reserved 425984K
}
Event: 31.417 GC heap after
{Heap after GC invocations=53 (full 0):
 garbage-first heap   total 277504K, used 143934K [0x0000000080000000, 0x0000000100000000)
  region size 1024K, 4 young (4096K), 4 survivors (4096K)
 Metaspace       used 96113K, committed 97088K, reserved 557056K
  class space    used 13496K, committed 13952K, reserved 425984K
}
Event: 32.574 GC heap before
{Heap before GC invocations=53 (full 0):
 garbage-first heap   total 277504K, used 217662K [0x0000000080000000, 0x0000000100000000)
  region size 1024K, 76 young (77824K), 4 survivors (4096K)
 Metaspace       used 97274K, committed 98240K, reserved 557056K
  class space    used 13623K, committed 14080K, reserved 425984K
}
Event: 32.586 GC heap after
{Heap after GC invocations=54 (full 0):
 garbage-first heap   total 277504K, used 150645K [0x0000000080000000, 0x0000000100000000)
  region size 1024K, 10 young (10240K), 10 survivors (10240K)
 Metaspace       used 97274K, committed 98240K, reserved 557056K
  class space    used 13623K, committed 14080K, reserved 425984K
}
Event: 33.790 GC heap before
{Heap before GC invocations=54 (full 0):
 garbage-first heap   total 277504K, used 220277K [0x0000000080000000, 0x0000000100000000)
  region size 1024K, 79 young (80896K), 10 survivors (10240K)
 Metaspace       used 97838K, committed 98816K, reserved 557056K
  class space    used 13680K, committed 14144K, reserved 425984K
}
Event: 33.802 GC heap after
{Heap after GC invocations=55 (full 0):
 garbage-first heap   total 277504K, used 156268K [0x0000000080000000, 0x0000000100000000)
  region size 1024K, 6 young (6144K), 6 survivors (6144K)
 Metaspace       used 97838K, committed 98816K, reserved 557056K
  class space    used 13680K, committed 14144K, reserved 425984K
}

Dll operation events (14 events):
Event: 0.010 Loaded shared library C:\Program Files\Microsoft\jdk-17.0.8.7-hotspot\bin\java.dll
Event: 0.029 Loaded shared library C:\Program Files\Microsoft\jdk-17.0.8.7-hotspot\bin\jsvml.dll
Event: 0.073 Loaded shared library C:\Program Files\Microsoft\jdk-17.0.8.7-hotspot\bin\zip.dll
Event: 0.077 Loaded shared library C:\Program Files\Microsoft\jdk-17.0.8.7-hotspot\bin\instrument.dll
Event: 0.081 Loaded shared library C:\Program Files\Microsoft\jdk-17.0.8.7-hotspot\bin\net.dll
Event: 0.082 Loaded shared library C:\Program Files\Microsoft\jdk-17.0.8.7-hotspot\bin\nio.dll
Event: 0.085 Loaded shared library C:\Program Files\Microsoft\jdk-17.0.8.7-hotspot\bin\zip.dll
Event: 0.307 Loaded shared library C:\Program Files\Microsoft\jdk-17.0.8.7-hotspot\bin\jimage.dll
Event: 0.375 Loaded shared library C:\Program Files\Microsoft\jdk-17.0.8.7-hotspot\bin\verify.dll
Event: 0.578 Loaded shared library C:\Users\cw\.gradle\native\68d5fa5c4cc2d200863cafc0d521ce42e7d3e7ee720ec0a83991735586a16f82\windows-amd64\native-platform.dll
Event: 0.596 Loaded shared library C:\Users\cw\.gradle\native\e376f236ea51e6404a007f0833ffe2c6e607c4080706a723a18a27aeea778392\windows-amd64\native-platform-file-events.dll
Event: 1.507 Loaded shared library C:\Program Files\Microsoft\jdk-17.0.8.7-hotspot\bin\management.dll
Event: 1.510 Loaded shared library C:\Program Files\Microsoft\jdk-17.0.8.7-hotspot\bin\management_ext.dll
Event: 1.957 Loaded shared library C:\Program Files\Microsoft\jdk-17.0.8.7-hotspot\bin\sunmscapi.dll

Deoptimization events (20 events):
Event: 33.291 Thread 0x000001a858997f70 Uncommon trap: trap_request=0xffffffc6 fr.pc=0x000001a82a621048 relative=0x00000000000000a8
Event: 33.291 Thread 0x000001a858997f70 Uncommon trap: reason=bimorphic_or_optimized_type_check action=maybe_recompile pc=0x000001a82a621048 method=org.gradle.execution.plan.ActionNode.hasPendingPreExecutionNodes()Z @ 11 c2
Event: 33.291 Thread 0x000001a858997f70 DEOPT PACKING pc=0x000001a82a621048 sp=0x00000073eadfe9b0
Event: 33.291 Thread 0x000001a858997f70 DEOPT UNPACKING pc=0x000001a829bd69a3 sp=0x00000073eadfe938 mode 2
Event: 33.295 Thread 0x000001a858997f70 Uncommon trap: trap_request=0xffffffc6 fr.pc=0x000001a82a621048 relative=0x00000000000000a8
Event: 33.295 Thread 0x000001a858997f70 Uncommon trap: reason=bimorphic_or_optimized_type_check action=maybe_recompile pc=0x000001a82a621048 method=org.gradle.execution.plan.ActionNode.hasPendingPreExecutionNodes()Z @ 11 c2
Event: 33.295 Thread 0x000001a858997f70 DEOPT PACKING pc=0x000001a82a621048 sp=0x00000073eadfe9b0
Event: 33.295 Thread 0x000001a858997f70 DEOPT UNPACKING pc=0x000001a829bd69a3 sp=0x00000073eadfe938 mode 2
Event: 33.298 Thread 0x000001a858997f70 Uncommon trap: trap_request=0xffffffc6 fr.pc=0x000001a82a621048 relative=0x00000000000000a8
Event: 33.298 Thread 0x000001a858997f70 Uncommon trap: reason=bimorphic_or_optimized_type_check action=maybe_recompile pc=0x000001a82a621048 method=org.gradle.execution.plan.ActionNode.hasPendingPreExecutionNodes()Z @ 11 c2
Event: 33.298 Thread 0x000001a858997f70 DEOPT PACKING pc=0x000001a82a621048 sp=0x00000073eadfe9b0
Event: 33.298 Thread 0x000001a858997f70 DEOPT UNPACKING pc=0x000001a829bd69a3 sp=0x00000073eadfe938 mode 2
Event: 33.784 Thread 0x000001a858998990 Uncommon trap: trap_request=0xffffff45 fr.pc=0x000001a82a93d314 relative=0x0000000000000c74
Event: 33.784 Thread 0x000001a858998990 Uncommon trap: reason=unstable_if action=reinterpret pc=0x000001a82a93d314 method=java.util.concurrent.ArrayBlockingQueue.enqueue(Ljava/lang/Object;)V @ 25 c2
Event: 33.784 Thread 0x000001a858998990 DEOPT PACKING pc=0x000001a82a93d314 sp=0x00000073ea0faea0
Event: 33.784 Thread 0x000001a858998990 DEOPT UNPACKING pc=0x000001a829bd69a3 sp=0x00000073ea0fae18 mode 2
Event: 33.784 Thread 0x000001a85a1c76e0 Uncommon trap: trap_request=0xffffff45 fr.pc=0x000001a82a93b328 relative=0x00000000000006e8
Event: 33.784 Thread 0x000001a85a1c76e0 Uncommon trap: reason=unstable_if action=reinterpret pc=0x000001a82a93b328 method=java.util.concurrent.ArrayBlockingQueue.dequeue()Ljava/lang/Object; @ 32 c2
Event: 33.784 Thread 0x000001a85a1c76e0 DEOPT PACKING pc=0x000001a82a93b328 sp=0x00000073e92fef70
Event: 33.784 Thread 0x000001a85a1c76e0 DEOPT UNPACKING pc=0x000001a829bd69a3 sp=0x00000073e92fef60 mode 2

Classes unloaded (0 events):
No events

Classes redefined (0 events):
No events

Internal exceptions (20 events):
Event: 30.483 Thread 0x000001a838974200 Exception <a 'sun/nio/fs/WindowsException'{0x000000008b358a88}> (0x000000008b358a88) 
thrown [s\src\hotspot\share\prims\jni.cpp, line 516]
Event: 30.484 Thread 0x000001a838974200 Exception <a 'sun/nio/fs/WindowsException'{0x000000008b35a110}> (0x000000008b35a110) 
thrown [s\src\hotspot\share\prims\jni.cpp, line 516]
Event: 30.748 Thread 0x000001a838754070 Implicit null exception at 0x000001a82a723800 to 0x000001a82a723fa8
Event: 31.377 Thread 0x000001a838974200 Exception <a 'java/lang/IncompatibleClassChangeError'{0x000000008a9fa118}: Found class java.lang.Object, but interface was expected> (0x000000008a9fa118) 
thrown [s\src\hotspot\share\interpreter\linkResolver.cpp, line 826]
Event: 31.442 Thread 0x000001a838974200 Implicit null exception at 0x000001a82a881b10 to 0x000001a82a881be4
Event: 31.484 Thread 0x000001a838974200 Exception <a 'sun/nio/fs/WindowsException'{0x0000000090826fb8}> (0x0000000090826fb8) 
thrown [s\src\hotspot\share\prims\jni.cpp, line 516]
Event: 31.484 Thread 0x000001a838974200 Exception <a 'sun/nio/fs/WindowsException'{0x00000000908285f0}> (0x00000000908285f0) 
thrown [s\src\hotspot\share\prims\jni.cpp, line 516]
Event: 31.485 Thread 0x000001a838974200 Exception <a 'sun/nio/fs/WindowsException'{0x0000000090829c78}> (0x0000000090829c78) 
thrown [s\src\hotspot\share\prims\jni.cpp, line 516]
Event: 31.485 Thread 0x000001a838974200 Exception <a 'sun/nio/fs/WindowsException'{0x000000009082b300}> (0x000000009082b300) 
thrown [s\src\hotspot\share\prims\jni.cpp, line 516]
Event: 31.956 Thread 0x000001a838974200 Implicit null exception at 0x000001a82a889612 to 0x000001a82a8896f6
Event: 32.273 Thread 0x000001a8589942b0 Exception <a 'java/lang/NoSuchMethodError'{0x000000008d582be8}: 'void java.lang.invoke.DirectMethodHandle$Holder.invokeStatic(java.lang.Object, java.lang.Object, java.lang.Object, java.lang.Object, int, java.lang.Object, java.lang.Object)'> (0x000000008d582be8) 
thrown [s\src\hotspot\share\interpreter\linkResolver.cpp, line 759]
Event: 32.298 Thread 0x000001a8589942b0 Exception <a 'java/lang/NoSuchMethodError'{0x000000008d4aaef8}: 'java.lang.Object java.lang.invoke.DirectMethodHandle$Holder.invokeSpecialIFC(java.lang.Object, java.lang.Object, java.lang.Object)'> (0x000000008d4aaef8) 
thrown [s\src\hotspot\share\interpreter\linkResolver.cpp, line 759]
Event: 32.545 Thread 0x000001a8589942b0 Exception <a 'java/lang/NoSuchMethodError'{0x000000008c89e158}: 'void java.lang.invoke.DirectMethodHandle$Holder.invokeVirtual(java.lang.Object, java.lang.Object)'> (0x000000008c89e158) 
thrown [s\src\hotspot\share\interpreter\linkResolver.cpp, line 759]
Event: 33.195 Thread 0x000001a858997f70 Exception <a 'java/lang/ClassNotFoundException'{0x000000008edf2188}: groovy/util/FileTreeBuilderBeanInfo> (0x000000008edf2188) 
thrown [s\src\hotspot\share\classfile\systemDictionary.cpp, line 256]
Event: 33.196 Thread 0x000001a858997f70 Exception <a 'java/lang/ClassNotFoundException'{0x000000008ec557c0}: groovy/util/FileTreeBuilderCustomizer> (0x000000008ec557c0) 
thrown [s\src\hotspot\share\classfile\systemDictionary.cpp, line 256]
Event: 33.202 Thread 0x000001a858997f70 Exception <a 'java/lang/ClassNotFoundException'{0x000000008ec8d3e0}: java/io/BufferedWriterBeanInfo> (0x000000008ec8d3e0) 
thrown [s\src\hotspot\share\classfile\systemDictionary.cpp, line 256]
Event: 33.202 Thread 0x000001a858997f70 Exception <a 'java/lang/ClassNotFoundException'{0x000000008ec92b68}: java/io/WriterBeanInfo> (0x000000008ec92b68) 
thrown [s\src\hotspot\share\classfile\systemDictionary.cpp, line 256]
Event: 33.202 Thread 0x000001a858997f70 Exception <a 'java/lang/ClassNotFoundException'{0x000000008ec98550}: java/io/WriterCustomizer> (0x000000008ec98550) 
thrown [s\src\hotspot\share\classfile\systemDictionary.cpp, line 256]
Event: 33.203 Thread 0x000001a858997f70 Exception <a 'java/lang/ClassNotFoundException'{0x000000008eca6d88}: java/io/BufferedWriterCustomizer> (0x000000008eca6d88) 
thrown [s\src\hotspot\share\classfile\systemDictionary.cpp, line 256]
Event: 33.276 Thread 0x000001a858997f70 Exception <a 'java/lang/NoSuchMethodError'{0x000000008eb39510}: static Lcom/android/build/api/variant/BuildConfigField;.<clinit>()V> (0x000000008eb39510) 
thrown [s\src\hotspot\share\prims\jni.cpp, line 1107]

VM Operations (20 events):
Event: 32.134 Executing VM operation: HandshakeAllThreads
Event: 32.144 Executing VM operation: HandshakeAllThreads done
Event: 32.166 Executing VM operation: ICBufferFull
Event: 32.166 Executing VM operation: ICBufferFull done
Event: 32.246 Executing VM operation: HandshakeAllThreads
Event: 32.246 Executing VM operation: HandshakeAllThreads done
Event: 32.246 Executing VM operation: HandshakeAllThreads
Event: 32.246 Executing VM operation: HandshakeAllThreads done
Event: 32.280 Executing VM operation: HandshakeAllThreads
Event: 32.280 Executing VM operation: HandshakeAllThreads done
Event: 32.312 Executing VM operation: HandshakeAllThreads
Event: 32.334 Executing VM operation: HandshakeAllThreads done
Event: 32.574 Executing VM operation: G1CollectForAllocation
Event: 32.586 Executing VM operation: G1CollectForAllocation done
Event: 32.976 Executing VM operation: ICBufferFull
Event: 32.976 Executing VM operation: ICBufferFull done
Event: 33.303 Executing VM operation: ICBufferFull
Event: 33.303 Executing VM operation: ICBufferFull done
Event: 33.790 Executing VM operation: G1CollectForAllocation
Event: 33.802 Executing VM operation: G1CollectForAllocation done

Events (20 events):
Event: 33.010 Thread 0x000001a85a514140 Thread added: 0x000001a85a514140
Event: 33.031 Thread 0x000001a85a5127f0 Thread added: 0x000001a85a5127f0
Event: 33.031 Thread 0x000001a85a50e620 Thread added: 0x000001a85a50e620
Event: 33.142 Thread 0x000001a85a514650 Thread added: 0x000001a85a514650
Event: 33.201 loading class java/io/BufferedWriterBeanInfo
Event: 33.201 loading class java/io/BufferedWriterBeanInfo done
Event: 33.202 loading class java/io/BufferedWriterBeanInfo
Event: 33.202 loading class java/io/BufferedWriterBeanInfo done
Event: 33.202 loading class java/io/WriterBeanInfo
Event: 33.202 loading class java/io/WriterBeanInfo done
Event: 33.202 loading class java/io/WriterBeanInfo
Event: 33.202 loading class java/io/WriterBeanInfo done
Event: 33.202 loading class java/io/WriterCustomizer
Event: 33.202 loading class java/io/WriterCustomizer done
Event: 33.202 loading class java/io/WriterCustomizer
Event: 33.202 loading class java/io/WriterCustomizer done
Event: 33.203 loading class java/io/BufferedWriterCustomizer
Event: 33.203 loading class java/io/BufferedWriterCustomizer done
Event: 33.203 loading class java/io/BufferedWriterCustomizer
Event: 33.203 loading class java/io/BufferedWriterCustomizer done


Dynamic libraries:
0x00007ff7774b0000 - 0x00007ff7774be000 	C:\Program Files\Microsoft\jdk-17.0.8.7-hotspot\bin\java.exe
0x00007ffda05b0000 - 0x00007ffda07a8000 	C:\WINDOWS\SYSTEM32\ntdll.dll
0x00007ffda02e0000 - 0x00007ffda039d000 	C:\WINDOWS\System32\KERNEL32.DLL
0x00007ffd9e310000 - 0x00007ffd9e606000 	C:\WINDOWS\System32\KERNELBASE.dll
0x00007ffd9e0d0000 - 0x00007ffd9e1d0000 	C:\WINDOWS\System32\ucrtbase.dll
0x00007ffd77d50000 - 0x00007ffd77d6b000 	C:\Program Files\Microsoft\jdk-17.0.8.7-hotspot\bin\VCRUNTIME140.dll
0x00007ffd77d70000 - 0x00007ffd77d87000 	C:\Program Files\Microsoft\jdk-17.0.8.7-hotspot\bin\jli.dll
0x00007ffd9f830000 - 0x00007ffd9f9ce000 	C:\WINDOWS\System32\USER32.dll
0x00007ffd9e270000 - 0x00007ffd9e292000 	C:\WINDOWS\System32\win32u.dll
0x00007ffd9f750000 - 0x00007ffd9f77c000 	C:\WINDOWS\System32\GDI32.dll
0x00007ffd9de80000 - 0x00007ffd9df9a000 	C:\WINDOWS\System32\gdi32full.dll
0x00007ffd8bb80000 - 0x00007ffd8be1a000 	C:\WINDOWS\WinSxS\amd64_microsoft.windows.common-controls_6595b64144ccf1df_6.0.19041.3636_none_60b6a03d71f818d5\COMCTL32.dll
0x00007ffd9e1d0000 - 0x00007ffd9e26d000 	C:\WINDOWS\System32\msvcp_win.dll
0x00007ffd9fae0000 - 0x00007ffd9fb7e000 	C:\WINDOWS\System32\msvcrt.dll
0x00007ffd9fd30000 - 0x00007ffd9fd60000 	C:\WINDOWS\System32\IMM32.DLL
0x00007ffd77d40000 - 0x00007ffd77d4c000 	C:\Program Files\Microsoft\jdk-17.0.8.7-hotspot\bin\vcruntime140_1.dll
0x00007ffd75d20000 - 0x00007ffd75dad000 	C:\Program Files\Microsoft\jdk-17.0.8.7-hotspot\bin\msvcp140.dll
0x00007ffd2eb80000 - 0x00007ffd2f7e5000 	C:\Program Files\Microsoft\jdk-17.0.8.7-hotspot\bin\server\jvm.dll
0x00007ffda0230000 - 0x00007ffda02df000 	C:\WINDOWS\System32\ADVAPI32.dll
0x00007ffda04d0000 - 0x00007ffda056c000 	C:\WINDOWS\System32\sechost.dll
0x00007ffda03a0000 - 0x00007ffda04c6000 	C:\WINDOWS\System32\RPCRT4.dll
0x00007ffd89510000 - 0x00007ffd89519000 	C:\WINDOWS\SYSTEM32\WSOCK32.dll
0x00007ffd9fcc0000 - 0x00007ffd9fd2b000 	C:\WINDOWS\System32\WS2_32.dll
0x00007ffd98480000 - 0x00007ffd9848a000 	C:\WINDOWS\SYSTEM32\VERSION.dll
0x00007ffd8db10000 - 0x00007ffd8db37000 	C:\WINDOWS\SYSTEM32\WINMM.dll
0x00007ffd9da40000 - 0x00007ffd9da8b000 	C:\WINDOWS\SYSTEM32\POWRPROF.dll
0x00007ffd9da20000 - 0x00007ffd9da32000 	C:\WINDOWS\SYSTEM32\UMPDC.dll
0x00007ffd9bb30000 - 0x00007ffd9bb42000 	C:\WINDOWS\SYSTEM32\kernel.appcore.dll
0x00007ffd77a60000 - 0x00007ffd77a6a000 	C:\Program Files\Microsoft\jdk-17.0.8.7-hotspot\bin\jimage.dll
0x00007ffd7de00000 - 0x00007ffd7dfe4000 	C:\WINDOWS\SYSTEM32\DBGHELP.DLL
0x00007ffd7f500000 - 0x00007ffd7f534000 	C:\WINDOWS\SYSTEM32\dbgcore.DLL
0x00007ffd9dc90000 - 0x00007ffd9dd12000 	C:\WINDOWS\System32\bcryptPrimitives.dll
0x00007ffd7e440000 - 0x00007ffd7e44e000 	C:\Program Files\Microsoft\jdk-17.0.8.7-hotspot\bin\instrument.dll
0x00007ffd77a30000 - 0x00007ffd77a55000 	C:\Program Files\Microsoft\jdk-17.0.8.7-hotspot\bin\java.dll
0x00007ffd756b0000 - 0x00007ffd75787000 	C:\Program Files\Microsoft\jdk-17.0.8.7-hotspot\bin\jsvml.dll
0x00007ffd9e630000 - 0x00007ffd9ed75000 	C:\WINDOWS\System32\SHELL32.dll
0x00007ffd9bd30000 - 0x00007ffd9c4cb000 	C:\WINDOWS\SYSTEM32\windows.storage.dll
0x00007ffd9fed0000 - 0x00007ffda0224000 	C:\WINDOWS\System32\combase.dll
0x00007ffd9d520000 - 0x00007ffd9d54d000 	C:\WINDOWS\SYSTEM32\Wldp.dll
0x00007ffd9f9d0000 - 0x00007ffd9fa7d000 	C:\WINDOWS\System32\SHCORE.dll
0x00007ffd9fe70000 - 0x00007ffd9fec5000 	C:\WINDOWS\System32\shlwapi.dll
0x00007ffd9dbc0000 - 0x00007ffd9dbe5000 	C:\WINDOWS\SYSTEM32\profapi.dll
0x00007ffd76830000 - 0x00007ffd76848000 	C:\Program Files\Microsoft\jdk-17.0.8.7-hotspot\bin\zip.dll
0x00007ffd77a10000 - 0x00007ffd77a29000 	C:\Program Files\Microsoft\jdk-17.0.8.7-hotspot\bin\net.dll
0x00007ffd968b0000 - 0x00007ffd969ba000 	C:\WINDOWS\SYSTEM32\WINHTTP.dll
0x00007ffd9d300000 - 0x00007ffd9d36a000 	C:\WINDOWS\system32\mswsock.dll
0x00007ffd76850000 - 0x00007ffd76866000 	C:\Program Files\Microsoft\jdk-17.0.8.7-hotspot\bin\nio.dll
0x00007ffd77a00000 - 0x00007ffd77a10000 	C:\Program Files\Microsoft\jdk-17.0.8.7-hotspot\bin\verify.dll
0x00007ffd75cf0000 - 0x00007ffd75d17000 	C:\Users\cw\.gradle\native\68d5fa5c4cc2d200863cafc0d521ce42e7d3e7ee720ec0a83991735586a16f82\windows-amd64\native-platform.dll
0x00007ffd75550000 - 0x00007ffd75694000 	C:\Users\cw\.gradle\native\e376f236ea51e6404a007f0833ffe2c6e607c4080706a723a18a27aeea778392\windows-amd64\native-platform-file-events.dll
0x00007ffd76820000 - 0x00007ffd76829000 	C:\Program Files\Microsoft\jdk-17.0.8.7-hotspot\bin\management.dll
0x00007ffd756a0000 - 0x00007ffd756ab000 	C:\Program Files\Microsoft\jdk-17.0.8.7-hotspot\bin\management_ext.dll
0x00007ffd9fe50000 - 0x00007ffd9fe58000 	C:\WINDOWS\System32\PSAPI.DLL
0x00007ffd9d8c0000 - 0x00007ffd9d8d8000 	C:\WINDOWS\SYSTEM32\CRYPTSP.dll
0x00007ffd9cc50000 - 0x00007ffd9cc84000 	C:\WINDOWS\system32\rsaenh.dll
0x00007ffd9e0a0000 - 0x00007ffd9e0c7000 	C:\WINDOWS\System32\bcrypt.dll
0x00007ffd9db40000 - 0x00007ffd9db6e000 	C:\WINDOWS\SYSTEM32\USERENV.dll
0x00007ffd9d490000 - 0x00007ffd9d49c000 	C:\WINDOWS\SYSTEM32\CRYPTBASE.dll
0x00007ffd9d010000 - 0x00007ffd9d04b000 	C:\WINDOWS\SYSTEM32\IPHLPAPI.DLL
0x00007ffd9fe60000 - 0x00007ffd9fe68000 	C:\WINDOWS\System32\NSI.dll
0x00007ffd97450000 - 0x00007ffd97467000 	C:\WINDOWS\SYSTEM32\dhcpcsvc6.DLL
0x00007ffd97430000 - 0x00007ffd9744d000 	C:\WINDOWS\SYSTEM32\dhcpcsvc.DLL
0x00007ffd9d050000 - 0x00007ffd9d11a000 	C:\WINDOWS\SYSTEM32\DNSAPI.dll
0x00007ffd75540000 - 0x00007ffd7554e000 	C:\Program Files\Microsoft\jdk-17.0.8.7-hotspot\bin\sunmscapi.dll
0x00007ffd9dd20000 - 0x00007ffd9de7d000 	C:\WINDOWS\System32\CRYPT32.dll
0x00007ffd9d590000 - 0x00007ffd9d5b7000 	C:\WINDOWS\SYSTEM32\ncrypt.dll
0x00007ffd9d550000 - 0x00007ffd9d58b000 	C:\WINDOWS\SYSTEM32\NTASN1.dll
0x00007ffd75530000 - 0x00007ffd75537000 	C:\WINDOWS\system32\wshunix.dll
0x00007ffd47df0000 - 0x00007ffd47e07000 	C:\WINDOWS\system32\napinsp.dll
0x00007ffd478b0000 - 0x00007ffd478cb000 	C:\WINDOWS\system32\pnrpnsp.dll
0x00007ffd75dc0000 - 0x00007ffd75dd5000 	C:\WINDOWS\system32\wshbth.dll
0x00007ffd995b0000 - 0x00007ffd995cd000 	C:\WINDOWS\system32\NLAapi.dll
0x00007ffd47890000 - 0x00007ffd478a2000 	C:\WINDOWS\System32\winrnr.dll
0x00007ffd8eaf0000 - 0x00007ffd8eafa000 	C:\Windows\System32\rasadhlp.dll
0x00007ffd96530000 - 0x00007ffd965b0000 	C:\WINDOWS\System32\fwpuclnt.dll

dbghelp: loaded successfully - version: 4.0.5 - missing functions: none
symbol engine: initialized successfully - sym options: 0x614 - pdb path: .;C:\Program Files\Microsoft\jdk-17.0.8.7-hotspot\bin;C:\WINDOWS\SYSTEM32;C:\WINDOWS\WinSxS\amd64_microsoft.windows.common-controls_6595b64144ccf1df_6.0.19041.3636_none_60b6a03d71f818d5;C:\Program Files\Microsoft\jdk-17.0.8.7-hotspot\bin\server;C:\Users\cw\.gradle\native\68d5fa5c4cc2d200863cafc0d521ce42e7d3e7ee720ec0a83991735586a16f82\windows-amd64;C:\Users\cw\.gradle\native\e376f236ea51e6404a007f0833ffe2c6e607c4080706a723a18a27aeea778392\windows-amd64

VM Arguments:
jvm_args: -XX:MaxMetaspaceSize=512m --add-opens=java.base/java.util=ALL-UNNAMED --add-opens=java.base/java.lang=ALL-UNNAMED --add-opens=java.base/java.lang.invoke=ALL-UNNAMED --add-opens=java.prefs/java.util.prefs=ALL-UNNAMED --add-opens=java.base/java.nio.charset=ALL-UNNAMED --add-opens=java.base/java.net=ALL-UNNAMED --add-opens=java.base/java.util.concurrent.atomic=ALL-UNNAMED -Xmx2048m -Dfile.encoding=windows-1252 -Duser.country=US -Duser.language=en -Duser.variant -javaagent:C:\Users\cw\.gradle\wrapper\dists\gradle-8.3-all\6en3ugtfdg5xnpx44z4qbwgas\gradle-8.3\lib\agents\gradle-instrumentation-agent-8.3.jar 
java_command: org.gradle.launcher.daemon.bootstrap.GradleDaemon 8.3
java_class_path (initial): C:\Users\cw\.gradle\wrapper\dists\gradle-8.3-all\6en3ugtfdg5xnpx44z4qbwgas\gradle-8.3\lib\gradle-launcher-8.3.jar
Launcher Type: SUN_STANDARD

[Global flags]
     intx CICompilerCount                          = 3                                         {product} {ergonomic}
   size_t CompressedClassSpaceSize                 = 436207616                                 {product} {ergonomic}
     uint ConcGCThreads                            = 1                                         {product} {ergonomic}
     uint G1ConcRefinementThreads                  = 4                                         {product} {ergonomic}
   size_t G1HeapRegionSize                         = 1048576                                   {product} {ergonomic}
    uintx GCDrainStackTargetSize                   = 64                                        {product} {ergonomic}
   size_t InitialHeapSize                          = 268435456                                 {product} {ergonomic}
   size_t MarkStackSize                            = 4194304                                   {product} {ergonomic}
   size_t MaxHeapSize                              = 2147483648                                {product} {command line}
   size_t MaxMetaspaceSize                         = 536870912                                 {product} {command line}
   size_t MaxNewSize                               = 1287651328                                {product} {ergonomic}
   size_t MinHeapDeltaBytes                        = 1048576                                   {product} {ergonomic}
   size_t MinHeapSize                              = 8388608                                   {product} {ergonomic}
    uintx NonNMethodCodeHeapSize                   = 5832780                                {pd product} {ergonomic}
    uintx NonProfiledCodeHeapSize                  = 122912730                              {pd product} {ergonomic}
    uintx ProfiledCodeHeapSize                     = 122912730                              {pd product} {ergonomic}
    uintx ReservedCodeCacheSize                    = 251658240                              {pd product} {ergonomic}
     bool SegmentedCodeCache                       = true                                      {product} {ergonomic}
   size_t SoftMaxHeapSize                          = 2147483648                             {manageable} {ergonomic}
     bool UseCompressedClassPointers               = true                           {product lp64_product} {ergonomic}
     bool UseCompressedOops                        = true                           {product lp64_product} {ergonomic}
     bool UseG1GC                                  = true                                      {product} {ergonomic}
     bool UseLargePagesIndividualAllocation        = false                                  {pd product} {ergonomic}

Logging:
Log output configuration:
 #0: stdout all=warning uptime,level,tags
 #1: stderr all=off uptime,level,tags

Environment Variables:
JAVA_HOME=C:\Program Files\Microsoft\jdk-17.0.8.7-hotspot\
CLASSPATH=K:\React Native Projects\notification\android\\gradle\wrapper\gradle-wrapper.jar
PATH=K:\React Native Projects\notification\node_modules\.bin;K:\React Native Projects\notification\node_modules\.bin;K:\React Native Projects\node_modules\.bin;K:\node_modules\.bin;C:\Users\cw\AppData\Roaming\npm\node_modules\npm\node_modules\@npmcli\run-script\lib\node-gyp-bin;K:\React Native Projects\notification\node_modules\.bin;K:\React Native Projects\notification\node_modules\.bin;K:\React Native Projects\node_modules\.bin;K:\node_modules\.bin;C:\Users\cw\AppData\Roaming\npm\node_modules\npm\node_modules\@npmcli\run-script\lib\node-gyp-bin;C:\Program Files\Microsoft\jdk-17.0.8.7-hotspot\bin;C:\WINDOWS\system32;C:\WINDOWS;C:\WINDOWS\System32\Wbem;C:\WINDOWS\System32\WindowsPowerShell\v1.0\;C:\WINDOWS\System32\OpenSSH\;C:\ProgramData\chocolatey\bin;C:\Program Files\nodejs\;%LOCALAPPDATA%\Android\Sdk\platform-tools;C:\Program Files\Git\cmd;C:\Users\cw\AppData\Local\Microsoft\WindowsApps;C:\Users\cw\AppData\Local\Programs\Microsoft VS Code\bin;C:\Users\cw\AppData\Roaming\npm
USERNAME=cw
LANG=en_US.UTF-8
OS=Windows_NT
PROCESSOR_IDENTIFIER=Intel64 Family 6 Model 94 Stepping 3, GenuineIntel
TMP=C:\Users\cw\AppData\Local\Temp
TEMP=C:\Users\cw\AppData\Local\Temp



---------------  S Y S T E M  ---------------

OS:
 Windows 10 , 64 bit Build 19041 (10.0.19041.3636)
OS uptime: 0 days 23:31 hours
Hyper-V role detected

CPU: total 4 (initial active 4) (4 cores per cpu, 1 threads per core) family 6 model 94 stepping 3 microcode 0xcc, cx8, cmov, fxsr, mmx, 3dnowpref, sse, sse2, sse3, ssse3, sse4.1, sse4.2, popcnt, lzcnt, tsc, tscinvbit, avx, avx2, aes, erms, clmul, bmi1, bmi2, rtm, adx, fma, vzeroupper, clflush, clflushopt, hv
Processor Information for all 4 processors :
  Max Mhz: 3192, Current Mhz: 3192, Mhz Limit: 3192

Memory: 4k page, system-wide physical 16268M (7235M free)
TotalPageFile size 19212M (AvailPageFile size 10754M)
current process WorkingSet (physical memory assigned to process): 564M, peak: 568M
current process commit charge ("private bytes"): 602M, peak: 612M

vm_info: OpenJDK 64-Bit Server VM (17.0.8+7-LTS) for windows-amd64 JRE (17.0.8+7-LTS), built on Jul  7 2023 17:21:55 by "MicrosoftCorporation" with MS VC++ 16.10 / 16.11 (VS2019)

END.
